{"C:\\school y2\\sem2.2\\DevOps\\foodVentures\\foodVentures\\index.js":{"path":"C:\\school y2\\sem2.2\\DevOps\\foodVentures\\foodVentures\\index.js","statementMap":{"0":{"start":{"line":1,"column":14},"end":{"line":1,"column":32}},"1":{"start":{"line":2,"column":17},"end":{"line":2,"column":39}},"2":{"start":{"line":3,"column":10},"end":{"line":3,"column":19}},"3":{"start":{"line":4,"column":13},"end":{"line":4,"column":37}},"4":{"start":{"line":5,"column":16},"end":{"line":5,"column":28}},"5":{"start":{"line":7,"column":0},"end":{"line":7,"column":51}},"6":{"start":{"line":8,"column":0},"end":{"line":8,"column":27}},"7":{"start":{"line":11,"column":28},"end":{"line":11,"column":55}},"8":{"start":{"line":12,"column":69},"end":{"line":12,"column":100}},"9":{"start":{"line":15,"column":0},"end":{"line":15,"column":32}},"10":{"start":{"line":16,"column":0},"end":{"line":16,"column":26}},"11":{"start":{"line":17,"column":0},"end":{"line":17,"column":39}},"12":{"start":{"line":18,"column":0},"end":{"line":18,"column":42}},"13":{"start":{"line":19,"column":0},"end":{"line":19,"column":44}},"14":{"start":{"line":20,"column":0},"end":{"line":20,"column":51}},"15":{"start":{"line":23,"column":0},"end":{"line":23,"column":36}},"16":{"start":{"line":25,"column":0},"end":{"line":27,"column":3}},"17":{"start":{"line":26,"column":4},"end":{"line":26,"column":53}},"18":{"start":{"line":29,"column":0},"end":{"line":31,"column":3}},"19":{"start":{"line":30,"column":4},"end":{"line":30,"column":63}},"20":{"start":{"line":33,"column":0},"end":{"line":33,"column":25}}},"fnMap":{"0":{"name":"(anonymous_0)","decl":{"start":{"line":25,"column":13},"end":{"line":25,"column":14}},"loc":{"start":{"line":25,"column":27},"end":{"line":27,"column":1}},"line":25},"1":{"name":"(anonymous_1)","decl":{"start":{"line":29,"column":17},"end":{"line":29,"column":18}},"loc":{"start":{"line":29,"column":29},"end":{"line":31,"column":1}},"line":29}},"branchMap":{"0":{"loc":{"start":{"line":4,"column":13},"end":{"line":4,"column":37}},"type":"binary-expr","locations":[{"start":{"line":4,"column":13},"end":{"line":4,"column":29}},{"start":{"line":4,"column":33},"end":{"line":4,"column":37}}],"line":4}},"s":{"0":0,"1":0,"2":0,"3":0,"4":0,"5":0,"6":0,"7":0,"8":0,"9":0,"10":0,"11":0,"12":0,"13":0,"14":0,"15":0,"16":0,"17":0,"18":0,"19":0,"20":0},"f":{"0":0,"1":0},"b":{"0":[0,0]},"all":true},"C:\\school y2\\sem2.2\\DevOps\\foodVentures\\foodVentures\\public\\instrumented\\js\\forgetPassword.js":{"path":"C:\\school y2\\sem2.2\\DevOps\\foodVentures\\foodVentures\\public\\instrumented\\js\\forgetPassword.js","statementMap":{"0":{"start":{"line":1,"column":35},"end":{"line":1,"column":133}},"1":{"start":{"line":1,"column":143},"end":{"line":1,"column":185}},"2":{"start":{"line":1,"column":197},"end":{"line":1,"column":226}},"3":{"start":{"line":1,"column":235},"end":{"line":1,"column":249}},"4":{"start":{"line":1,"column":267},"end":{"line":1,"column":1825}},"5":{"start":{"line":1,"column":1839},"end":{"line":1,"column":1868}},"6":{"start":{"line":1,"column":1869},"end":{"line":1,"column":1946}},"7":{"start":{"line":1,"column":1917},"end":{"line":1,"column":1945}},"8":{"start":{"line":1,"column":1965},"end":{"line":1,"column":1979}},"9":{"start":{"line":2,"column":0},"end":{"line":2,"column":50}},"10":{"start":{"line":2,"column":26},"end":{"line":2,"column":48}},"11":{"start":{"line":2,"column":51},"end":{"line":2,"column":73}},"12":{"start":{"line":2,"column":74},"end":{"line":2,"column":91}},"13":{"start":{"line":34,"column":15},"end":{"line":34,"column":57}},"14":{"start":{"line":34,"column":77},"end":{"line":34,"column":122}},"15":{"start":{"line":34,"column":135},"end":{"line":34,"column":168}},"16":{"start":{"line":34,"column":182},"end":{"line":34,"column":210}},"17":{"start":{"line":34,"column":212},"end":{"line":34,"column":236}},"18":{"start":{"line":34,"column":236},"end":{"line":34,"column":260}},"19":{"start":{"line":34,"column":272},"end":{"line":37,"column":1}},"20":{"start":{"line":37,"column":3},"end":{"line":37,"column":27}},"21":{"start":{"line":37,"column":27},"end":{"line":38,"column":319}},"22":{"start":{"line":37,"column":67},"end":{"line":37,"column":91}},"23":{"start":{"line":37,"column":91},"end":{"line":37,"column":115}},"24":{"start":{"line":37,"column":115},"end":{"line":38,"column":316}},"25":{"start":{"line":37,"column":138},"end":{"line":37,"column":305}},"26":{"start":{"line":37,"column":319},"end":{"line":38,"column":43}},"27":{"start":{"line":38,"column":45},"end":{"line":38,"column":70}},"28":{"start":{"line":38,"column":70},"end":{"line":38,"column":113}},"29":{"start":{"line":38,"column":113},"end":{"line":38,"column":138}},"30":{"start":{"line":38,"column":138},"end":{"line":38,"column":186}},"31":{"start":{"line":38,"column":200},"end":{"line":38,"column":225}},"32":{"start":{"line":38,"column":225},"end":{"line":38,"column":246}},"33":{"start":{"line":38,"column":246},"end":{"line":38,"column":271}},"34":{"start":{"line":38,"column":271},"end":{"line":38,"column":315}},"35":{"start":{"line":38,"column":319},"end":{"line":38,"column":344}},"36":{"start":{"line":38,"column":344},"end":{"line":38,"column":466}},"37":{"start":{"line":38,"column":365},"end":{"line":38,"column":389}},"38":{"start":{"line":38,"column":389},"end":{"line":38,"column":414}},"39":{"start":{"line":38,"column":414},"end":{"line":38,"column":463}}},"fnMap":{"0":{"name":"cov_1nwlhyc8zd","decl":{"start":{"line":1,"column":9},"end":{"line":1,"column":23}},"loc":{"start":{"line":1,"column":25},"end":{"line":2,"column":74}},"line":1},"1":{"name":"(anonymous_1)","decl":{"start":{"line":2,"column":15},"end":{"line":2,"column":16}},"loc":{"start":{"line":2,"column":25},"end":{"line":2,"column":49}},"line":2},"2":{"name":"(anonymous_2)","decl":{"start":{"line":37,"column":50},"end":{"line":37,"column":51}},"loc":{"start":{"line":37,"column":66},"end":{"line":38,"column":317}},"line":37},"3":{"name":"(anonymous_3)","decl":{"start":{"line":38,"column":360},"end":{"line":38,"column":361}},"loc":{"start":{"line":38,"column":364},"end":{"line":38,"column":464}},"line":38}},"branchMap":{"0":{"loc":{"start":{"line":1,"column":1839},"end":{"line":1,"column":1868}},"type":"binary-expr","locations":[{"start":{"line":1,"column":1839},"end":{"line":1,"column":1850}},{"start":{"line":1,"column":1853},"end":{"line":1,"column":1867}}],"line":1},"1":{"loc":{"start":{"line":1,"column":1869},"end":{"line":1,"column":1946}},"type":"if","locations":[{"start":{"line":1,"column":1869},"end":{"line":1,"column":1946}},{"start":{"line":1,"column":1869},"end":{"line":1,"column":1946}}],"line":1},"2":{"loc":{"start":{"line":1,"column":1872},"end":{"line":1,"column":1915}},"type":"binary-expr","locations":[{"start":{"line":1,"column":1872},"end":{"line":1,"column":1887}},{"start":{"line":1,"column":1889},"end":{"line":1,"column":1915}}],"line":1}},"s":{"0":0,"1":0,"2":0,"3":0,"4":0,"5":0,"6":0,"7":0,"8":0,"9":0,"10":0,"11":0,"12":0,"13":0,"14":0,"15":0,"16":0,"17":0,"18":0,"19":0,"20":0,"21":0,"22":0,"23":0,"24":0,"25":0,"26":0,"27":0,"28":0,"29":0,"30":0,"31":0,"32":0,"33":0,"34":0,"35":0,"36":0,"37":0,"38":0,"39":0},"f":{"0":0,"1":0,"2":0,"3":0},"b":{"0":[0,0],"1":[0,0],"2":[0,0]},"inputSourceMap":{"version":3,"names":["cov_1nwlhyc8zd","actualCoverage","express","s","require","nodeMailer","app","port","use","json","html","post","req","res","f","transporter","createTransport","host","secure","auth","user","pass","info","sendMail","from","to","subject","console","log","messageId","status","send","error","listen"],"sources":["forgetPassword.js"],"sourcesContent":["// // forgetPassword.js\n// const nodeMailer = require('nodemailer');\n\n// const html = `\n//     <h1>Hello!</h1>\n//     <p>This email is for you to reset your password. Thanks!</p>\n// `;\n\n// async function forgetPassword() {\n\n//     const transporter = nodeMailer.createTransport({\n//         host: \"mail.openjavascript.info\", // SMTP server address (usually mail.your-domain.com)\n//         port: 465, // Port for SMTP (usually 465)\n//         secure: true, // Usually true if connecting to port 465\n//         auth: {\n//             user: \"test@openjavascipt.info\", // Your email address\n//             pass: \"NodeMailer123!\",\n//         }\n//     });\n\n//     const info = await transporter.sendMail({\n//         from: 'OpenJavaScript <test@javascript.info>',\n//         to: 'test2@openjavascript.info',\n//         subject: 'Testing, testing, 123',\n//         html: html,\n//     })\n\n//     console.log(\"Message sent\" + info.messageId);\n// }\n\n// forgetPassword()\n// .catch(e => console.log(e));\n\n// //function forgetPassword() {\n// //    const email = document.getElementById('email').value;\n\n// // redirects the user to a page where user can input their email for reset of password\n// //    window.location.href = 'password_reset_sent.html';\n// //}\n\n// server.js\nconst express = require('express');\nconst nodeMailer = require('nodemailer');\nconst app = express();\nconst port = 3000;\n\napp.use(express.json());\n\nconst html = `\n    <h1>Hello!</h1>\n    <p>This email is for you to reset your password. Thanks!</p>\n`;\n\napp.post('/send-email', async (req, res) => {\n    try {\n        const transporter = nodeMailer.createTransport({\n            host: \"mail.openjavascript.info\",\n            port: 465,\n            secure: true,\n            auth: {\n                user: \"test@openjavascript.info\",\n                pass: \"NodeMailer123!\",\n            }\n        });\n\n        const info = await transporter.sendMail({\n            from: 'OpenJavaScript <test@javascript.info>',\n            to: 'carasim80@gmail.com', // assuming you pass the email address through the request body\n            subject: 'Testing, testing, 123',\n            html: html,\n        });\n\n        console.log(\"Message sent\" + info.messageId);\n        res.status(200).send('Email sent successfully');\n    } catch (error) {\n        console.error(error);\n        res.status(500).send('Error sending email');\n    }\n});\n\napp.listen(port, () => {\n    console.log(`Server is running on port ${port}`);\n});\n"],"mappings":"67DAeY;AAAAA,cAAA,SAAAA,CAAA,SAAAC,cAAA,WAAAA,cAAA,EAAAD,cAAA,GAfZ;AACA;AAEA;AACA;AACA;AACA;AAEA;AAEA;AACA;AACA;AACA;AACA;AACA;AACA;AACA;AACA;AAEA;AACA;AACA;AACA;AACA;AACA;AAEA;AACA;AAEA;AACA;AAEA;AACA;AAEA;AACA;AACA;AAEA;AACA,KAAM,CAAAE,OAAO,EAAAF,cAAA,GAAAG,CAAA,MAAGC,OAAO,CAAC,SAAS,CAAC,EAClC,KAAM,CAAAC,UAAU,EAAAL,cAAA,GAAAG,CAAA,MAAGC,OAAO,CAAC,YAAY,CAAC,EACxC,KAAM,CAAAE,GAAG,EAAAN,cAAA,GAAAG,CAAA,MAAGD,OAAO,CAAC,CAAC,EACrB,KAAM,CAAAK,IAAI,EAAAP,cAAA,GAAAG,CAAA,MAAG,IAAI,EAACH,cAAA,GAAAG,CAAA,MAElBG,GAAG,CAACE,GAAG,CAACN,OAAO,CAACO,IAAI,CAAC,CAAC,CAAC,CAEvB,KAAM,CAAAC,IAAI,EAAAV,cAAA,GAAAG,CAAA,MAAI;AACd;AACA;AACA,CAAC,EAACH,cAAA,GAAAG,CAAA,MAEFG,GAAG,CAACK,IAAI,CAAC,aAAa,CAAE,MAAOC,GAAG,CAAEC,GAAG,GAAK,CAAAb,cAAA,GAAAc,CAAA,MAAAd,cAAA,GAAAG,CAAA,MACxC,GAAI,CACA,KAAM,CAAAY,WAAW,EAAAf,cAAA,GAAAG,CAAA,MAAGE,UAAU,CAACW,eAAe,CAAC,CAC3CC,IAAI,CAAE,0BAA0B,CAChCV,IAAI,CAAE,GAAG,CACTW,MAAM,CAAE,IAAI,CACZC,IAAI,CAAE,CACFC,IAAI,CAAE,0BAA0B,CAChCC,IAAI,CAAE,gBACV,CACJ,CAAC,CAAC,EAEF,KAAM,CAAAC,IAAI,EAAAtB,cAAA,GAAAG,CAAA,MAAG,KAAM,CAAAY,WAAW,CAACQ,QAAQ,CAAC,CACpCC,IAAI,CAAE,uCAAuC,CAC7CC,EAAE,CAAE,qBAAqB,CAAE;AAC3BC,OAAO,CAAE,uBAAuB,CAChChB,IAAI,CAAEA,IACV,CAAC,CAAC,EAACV,cAAA,GAAAG,CAAA,OAEHwB,OAAO,CAACC,GAAG,CAAC,cAAc,CAAGN,IAAI,CAACO,SAAS,CAAC,CAAC7B,cAAA,GAAAG,CAAA,OAC7CU,GAAG,CAACiB,MAAM,CAAC,GAAG,CAAC,CAACC,IAAI,CAAC,yBAAyB,CAAC,CACnD,CAAE,MAAOC,KAAK,CAAE,CAAAhC,cAAA,GAAAG,CAAA,OACZwB,OAAO,CAACK,KAAK,CAACA,KAAK,CAAC,CAAChC,cAAA,GAAAG,CAAA,OACrBU,GAAG,CAACiB,MAAM,CAAC,GAAG,CAAC,CAACC,IAAI,CAAC,qBAAqB,CAAC,CAC/C,CACJ,CAAC,CAAC,CAAC/B,cAAA,GAAAG,CAAA,OAEHG,GAAG,CAAC2B,MAAM,CAAC1B,IAAI,CAAE,IAAM,CAAAP,cAAA,GAAAc,CAAA,MAAAd,cAAA,GAAAG,CAAA,OACnBwB,OAAO,CAACC,GAAG,CAAE,6BAA4BrB,IAAK,EAAC,CAAC,CACpD,CAAC,CAAC"},"all":true},"C:\\school y2\\sem2.2\\DevOps\\foodVentures\\foodVentures\\public\\instrumented\\js\\home.js":{"path":"C:\\school y2\\sem2.2\\DevOps\\foodVentures\\foodVentures\\public\\instrumented\\js\\home.js","statementMap":{"0":{"start":{"line":1,"column":34},"end":{"line":1,"column":122}},"1":{"start":{"line":1,"column":132},"end":{"line":1,"column":174}},"2":{"start":{"line":1,"column":186},"end":{"line":1,"column":215}},"3":{"start":{"line":1,"column":224},"end":{"line":1,"column":238}},"4":{"start":{"line":1,"column":256},"end":{"line":1,"column":8888}},"5":{"start":{"line":1,"column":8902},"end":{"line":1,"column":8931}},"6":{"start":{"line":1,"column":8932},"end":{"line":1,"column":9009}},"7":{"start":{"line":1,"column":8980},"end":{"line":1,"column":9008}},"8":{"start":{"line":1,"column":9028},"end":{"line":1,"column":9042}},"9":{"start":{"line":2,"column":0},"end":{"line":2,"column":49}},"10":{"start":{"line":2,"column":25},"end":{"line":2,"column":47}},"11":{"start":{"line":2,"column":50},"end":{"line":2,"column":72}},"12":{"start":{"line":2,"column":73},"end":{"line":2,"column":89}},"13":{"start":{"line":2,"column":114},"end":{"line":2,"column":137}},"14":{"start":{"line":2,"column":151},"end":{"line":2,"column":176}},"15":{"start":{"line":2,"column":191},"end":{"line":2,"column":234}},"16":{"start":{"line":2,"column":236},"end":{"line":2,"column":259}},"17":{"start":{"line":2,"column":259},"end":{"line":2,"column":302}},"18":{"start":{"line":2,"column":302},"end":{"line":2,"column":325}},"19":{"start":{"line":2,"column":325},"end":{"line":2,"column":385}},"20":{"start":{"line":2,"column":385},"end":{"line":2,"column":408}},"21":{"start":{"line":2,"column":408},"end":{"line":2,"column":1238}},"22":{"start":{"line":2,"column":434},"end":{"line":2,"column":457}},"23":{"start":{"line":2,"column":457},"end":{"line":2,"column":480}},"24":{"start":{"line":2,"column":480},"end":{"line":2,"column":522}},"25":{"start":{"line":2,"column":532},"end":{"line":2,"column":557}},"26":{"start":{"line":2,"column":559},"end":{"line":2,"column":582}},"27":{"start":{"line":2,"column":582},"end":{"line":2,"column":1157}},"28":{"start":{"line":2,"column":593},"end":{"line":2,"column":617}},"29":{"start":{"line":2,"column":642},"end":{"line":2,"column":665}},"30":{"start":{"line":2,"column":665},"end":{"line":2,"column":1156}},"31":{"start":{"line":2,"column":1157},"end":{"line":2,"column":1181}},"32":{"start":{"line":2,"column":1181},"end":{"line":2,"column":1236}},"33":{"start":{"line":2,"column":1238},"end":{"line":2,"column":1262}},"34":{"start":{"line":2,"column":1262},"end":{"line":2,"column":1277}},"35":{"start":{"line":2,"column":1301},"end":{"line":2,"column":1324}},"36":{"start":{"line":2,"column":1338},"end":{"line":2,"column":1364}},"37":{"start":{"line":2,"column":1380},"end":{"line":2,"column":1416}},"38":{"start":{"line":2,"column":1418},"end":{"line":2,"column":1442}},"39":{"start":{"line":2,"column":1442},"end":{"line":2,"column":1494}},"40":{"start":{"line":2,"column":1494},"end":{"line":2,"column":1518}},"41":{"start":{"line":2,"column":1518},"end":{"line":2,"column":1578}},"42":{"start":{"line":2,"column":1578},"end":{"line":2,"column":1602}},"43":{"start":{"line":2,"column":1602},"end":{"line":2,"column":1668}},"44":{"start":{"line":2,"column":1668},"end":{"line":2,"column":1692}},"45":{"start":{"line":2,"column":1692},"end":{"line":2,"column":1748}},"46":{"start":{"line":2,"column":1748},"end":{"line":2,"column":1772}},"47":{"start":{"line":2,"column":1772},"end":{"line":2,"column":1819}},"48":{"start":{"line":2,"column":1819},"end":{"line":2,"column":1843}},"49":{"start":{"line":2,"column":1843},"end":{"line":2,"column":2328}},"50":{"start":{"line":2,"column":2047},"end":{"line":2,"column":2073}},"51":{"start":{"line":2,"column":2073},"end":{"line":2,"column":2097}},"52":{"start":{"line":2,"column":2097},"end":{"line":2,"column":2169}},"53":{"start":{"line":2,"column":2169},"end":{"line":2,"column":2193}},"54":{"start":{"line":2,"column":2193},"end":{"line":2,"column":2264}},"55":{"start":{"line":2,"column":2264},"end":{"line":2,"column":2288}},"56":{"start":{"line":2,"column":2288},"end":{"line":2,"column":2295}},"57":{"start":{"line":2,"column":2301},"end":{"line":2,"column":2327}},"58":{"start":{"line":2,"column":2341},"end":{"line":2,"column":2385}},"59":{"start":{"line":2,"column":2387},"end":{"line":2,"column":2411}},"60":{"start":{"line":2,"column":2411},"end":{"line":2,"column":2453}},"61":{"start":{"line":2,"column":2453},"end":{"line":2,"column":2477}},"62":{"start":{"line":2,"column":2477},"end":{"line":2,"column":2537}},"63":{"start":{"line":2,"column":2537},"end":{"line":2,"column":2561}},"64":{"start":{"line":2,"column":2561},"end":{"line":2,"column":3718}},"65":{"start":{"line":2,"column":2587},"end":{"line":2,"column":2610}},"66":{"start":{"line":2,"column":2610},"end":{"line":2,"column":2634}},"67":{"start":{"line":2,"column":2634},"end":{"line":2,"column":2676}},"68":{"start":{"line":2,"column":2676},"end":{"line":2,"column":2700}},"69":{"start":{"line":2,"column":2700},"end":{"line":2,"column":2722}},"70":{"start":{"line":2,"column":2722},"end":{"line":2,"column":2746}},"71":{"start":{"line":2,"column":2746},"end":{"line":2,"column":3716}},"72":{"start":{"line":2,"column":2778},"end":{"line":2,"column":2804}},"73":{"start":{"line":2,"column":2804},"end":{"line":2,"column":2828}},"74":{"start":{"line":2,"column":2828},"end":{"line":2,"column":2865}},"75":{"start":{"line":2,"column":2865},"end":{"line":2,"column":2889}},"76":{"start":{"line":2,"column":2889},"end":{"line":2,"column":2971}},"77":{"start":{"line":2,"column":2971},"end":{"line":2,"column":2995}},"78":{"start":{"line":2,"column":2995},"end":{"line":2,"column":3067}},"79":{"start":{"line":2,"column":3067},"end":{"line":2,"column":3091}},"80":{"start":{"line":2,"column":3091},"end":{"line":2,"column":3132}},"81":{"start":{"line":2,"column":3132},"end":{"line":2,"column":3156}},"82":{"start":{"line":2,"column":3156},"end":{"line":2,"column":3201}},"83":{"start":{"line":2,"column":3201},"end":{"line":2,"column":3225}},"84":{"start":{"line":2,"column":3225},"end":{"line":2,"column":3273}},"85":{"start":{"line":2,"column":3273},"end":{"line":2,"column":3297}},"86":{"start":{"line":2,"column":3297},"end":{"line":2,"column":3340}},"87":{"start":{"line":2,"column":3340},"end":{"line":2,"column":3364}},"88":{"start":{"line":2,"column":3364},"end":{"line":2,"column":3397}},"89":{"start":{"line":2,"column":3403},"end":{"line":2,"column":3429}},"90":{"start":{"line":2,"column":3429},"end":{"line":2,"column":3453}},"91":{"start":{"line":2,"column":3453},"end":{"line":2,"column":3524}},"92":{"start":{"line":2,"column":3524},"end":{"line":2,"column":3548}},"93":{"start":{"line":2,"column":3548},"end":{"line":2,"column":3620}},"94":{"start":{"line":2,"column":3620},"end":{"line":2,"column":3644}},"95":{"start":{"line":2,"column":3644},"end":{"line":2,"column":3715}},"96":{"start":{"line":2,"column":3718},"end":{"line":2,"column":3742}},"97":{"start":{"line":2,"column":3742},"end":{"line":2,"column":3781}},"98":{"start":{"line":2,"column":3810},"end":{"line":2,"column":3833}},"99":{"start":{"line":2,"column":3855},"end":{"line":2,"column":3895}},"100":{"start":{"line":2,"column":3897},"end":{"line":2,"column":3921}},"101":{"start":{"line":2,"column":3921},"end":{"line":2,"column":3951}},"102":{"start":{"line":2,"column":3951},"end":{"line":2,"column":3975}},"103":{"start":{"line":2,"column":3975},"end":{"line":2,"column":4039}},"104":{"start":{"line":2,"column":4039},"end":{"line":2,"column":4063}},"105":{"start":{"line":2,"column":4063},"end":{"line":2,"column":4135}},"106":{"start":{"line":2,"column":4135},"end":{"line":2,"column":4159}},"107":{"start":{"line":2,"column":4159},"end":{"line":2,"column":4237}},"108":{"start":{"line":2,"column":4237},"end":{"line":2,"column":4261}},"109":{"start":{"line":2,"column":4261},"end":{"line":2,"column":4329}},"110":{"start":{"line":2,"column":4329},"end":{"line":2,"column":4353}},"111":{"start":{"line":2,"column":4353},"end":{"line":2,"column":4461}},"112":{"start":{"line":2,"column":4461},"end":{"line":2,"column":4485}},"113":{"start":{"line":2,"column":4485},"end":{"line":2,"column":4523}},"114":{"start":{"line":2,"column":4552},"end":{"line":2,"column":4575}},"115":{"start":{"line":2,"column":4575},"end":{"line":2,"column":4599}},"116":{"start":{"line":2,"column":4599},"end":{"line":2,"column":4613}},"117":{"start":{"line":2,"column":4627},"end":{"line":2,"column":4653}},"118":{"start":{"line":2,"column":4669},"end":{"line":2,"column":4705}},"119":{"start":{"line":2,"column":4707},"end":{"line":2,"column":4731}},"120":{"start":{"line":2,"column":4731},"end":{"line":2,"column":4787}},"121":{"start":{"line":2,"column":4787},"end":{"line":2,"column":4811}},"122":{"start":{"line":2,"column":4811},"end":{"line":2,"column":4875}},"123":{"start":{"line":2,"column":4875},"end":{"line":2,"column":4899}},"124":{"start":{"line":2,"column":4899},"end":{"line":2,"column":4969}},"125":{"start":{"line":2,"column":4969},"end":{"line":2,"column":4993}},"126":{"start":{"line":2,"column":4993},"end":{"line":2,"column":5053}},"127":{"start":{"line":2,"column":5053},"end":{"line":2,"column":5077}},"128":{"start":{"line":2,"column":5077},"end":{"line":2,"column":5099}},"129":{"start":{"line":2,"column":5099},"end":{"line":2,"column":5123}},"130":{"start":{"line":2,"column":5123},"end":{"line":2,"column":5567}},"131":{"start":{"line":2,"column":5278},"end":{"line":2,"column":5304}},"132":{"start":{"line":2,"column":5304},"end":{"line":2,"column":5328}},"133":{"start":{"line":2,"column":5328},"end":{"line":2,"column":5404}},"134":{"start":{"line":2,"column":5404},"end":{"line":2,"column":5428}},"135":{"start":{"line":2,"column":5428},"end":{"line":2,"column":5503}},"136":{"start":{"line":2,"column":5503},"end":{"line":2,"column":5527}},"137":{"start":{"line":2,"column":5527},"end":{"line":2,"column":5534}},"138":{"start":{"line":2,"column":5540},"end":{"line":2,"column":5566}},"139":{"start":{"line":2,"column":5580},"end":{"line":2,"column":5624}},"140":{"start":{"line":2,"column":5626},"end":{"line":2,"column":5650}},"141":{"start":{"line":2,"column":5650},"end":{"line":2,"column":5696}},"142":{"start":{"line":2,"column":5696},"end":{"line":2,"column":5720}},"143":{"start":{"line":2,"column":5720},"end":{"line":2,"column":5780}},"144":{"start":{"line":2,"column":5780},"end":{"line":2,"column":5804}},"145":{"start":{"line":2,"column":5804},"end":{"line":2,"column":6527}},"146":{"start":{"line":2,"column":5830},"end":{"line":2,"column":5853}},"147":{"start":{"line":2,"column":5853},"end":{"line":2,"column":5877}},"148":{"start":{"line":2,"column":5877},"end":{"line":2,"column":5919}},"149":{"start":{"line":2,"column":5919},"end":{"line":2,"column":5943}},"150":{"start":{"line":2,"column":5943},"end":{"line":2,"column":6525}},"151":{"start":{"line":2,"column":5999},"end":{"line":2,"column":6025}},"152":{"start":{"line":2,"column":6025},"end":{"line":2,"column":6049}},"153":{"start":{"line":2,"column":6049},"end":{"line":2,"column":6136}},"154":{"start":{"line":2,"column":6136},"end":{"line":2,"column":6160}},"155":{"start":{"line":2,"column":6160},"end":{"line":2,"column":6236}},"156":{"start":{"line":2,"column":6236},"end":{"line":2,"column":6260}},"157":{"start":{"line":2,"column":6260},"end":{"line":2,"column":6293}},"158":{"start":{"line":2,"column":6299},"end":{"line":2,"column":6325}},"159":{"start":{"line":2,"column":6325},"end":{"line":2,"column":6349}},"160":{"start":{"line":2,"column":6349},"end":{"line":2,"column":6425}},"161":{"start":{"line":2,"column":6425},"end":{"line":2,"column":6449}},"162":{"start":{"line":2,"column":6449},"end":{"line":2,"column":6524}},"163":{"start":{"line":2,"column":6527},"end":{"line":2,"column":6551}},"164":{"start":{"line":2,"column":6551},"end":{"line":2,"column":6590}},"165":{"start":{"line":2,"column":6627},"end":{"line":2,"column":6650}},"166":{"start":{"line":2,"column":6664},"end":{"line":2,"column":6690}},"167":{"start":{"line":2,"column":6705},"end":{"line":2,"column":6749}},"168":{"start":{"line":2,"column":6751},"end":{"line":2,"column":6775}},"169":{"start":{"line":2,"column":6775},"end":{"line":2,"column":6834}},"170":{"start":{"line":2,"column":6834},"end":{"line":2,"column":6858}},"171":{"start":{"line":2,"column":6858},"end":{"line":2,"column":6918}},"172":{"start":{"line":2,"column":6918},"end":{"line":2,"column":6942}},"173":{"start":{"line":2,"column":6942},"end":{"line":2,"column":7375}},"174":{"start":{"line":2,"column":6968},"end":{"line":2,"column":6991}},"175":{"start":{"line":2,"column":6991},"end":{"line":2,"column":7015}},"176":{"start":{"line":2,"column":7015},"end":{"line":2,"column":7057}},"177":{"start":{"line":2,"column":7057},"end":{"line":2,"column":7081}},"178":{"start":{"line":2,"column":7081},"end":{"line":2,"column":7373}},"179":{"start":{"line":2,"column":7136},"end":{"line":2,"column":7162}},"180":{"start":{"line":2,"column":7162},"end":{"line":2,"column":7186}},"181":{"start":{"line":2,"column":7186},"end":{"line":2,"column":7219}},"182":{"start":{"line":2,"column":7219},"end":{"line":2,"column":7243}},"183":{"start":{"line":2,"column":7243},"end":{"line":2,"column":7280}},"184":{"start":{"line":2,"column":7286},"end":{"line":2,"column":7312}},"185":{"start":{"line":2,"column":7312},"end":{"line":2,"column":7336}},"186":{"start":{"line":2,"column":7336},"end":{"line":2,"column":7372}},"187":{"start":{"line":2,"column":7375},"end":{"line":2,"column":7399}},"188":{"start":{"line":2,"column":7399},"end":{"line":2,"column":7414}}},"fnMap":{"0":{"name":"cov_gwr30p1j9","decl":{"start":{"line":1,"column":9},"end":{"line":1,"column":22}},"loc":{"start":{"line":1,"column":24},"end":{"line":2,"column":73}},"line":1},"1":{"name":"(anonymous_1)","decl":{"start":{"line":2,"column":14},"end":{"line":2,"column":15}},"loc":{"start":{"line":2,"column":24},"end":{"line":2,"column":48}},"line":2},"2":{"name":"viewResources","decl":{"start":{"line":2,"column":98},"end":{"line":2,"column":111}},"loc":{"start":{"line":2,"column":113},"end":{"line":2,"column":1278}},"line":2},"3":{"name":"(anonymous_3)","decl":{"start":{"line":2,"column":423},"end":{"line":2,"column":424}},"loc":{"start":{"line":2,"column":433},"end":{"line":2,"column":1237}},"line":2},"4":{"name":"addResource","decl":{"start":{"line":2,"column":1287},"end":{"line":2,"column":1298}},"loc":{"start":{"line":2,"column":1300},"end":{"line":2,"column":3782}},"line":2},"5":{"name":"(anonymous_5)","decl":{"start":{"line":2,"column":2576},"end":{"line":2,"column":2577}},"loc":{"start":{"line":2,"column":2586},"end":{"line":2,"column":3717}},"line":2},"6":{"name":"editResource","decl":{"start":{"line":2,"column":3791},"end":{"line":2,"column":3803}},"loc":{"start":{"line":2,"column":3809},"end":{"line":2,"column":4524}},"line":2},"7":{"name":"updateResource","decl":{"start":{"line":2,"column":4533},"end":{"line":2,"column":4547}},"loc":{"start":{"line":2,"column":4551},"end":{"line":2,"column":6591}},"line":2},"8":{"name":"(anonymous_8)","decl":{"start":{"line":2,"column":5819},"end":{"line":2,"column":5820}},"loc":{"start":{"line":2,"column":5829},"end":{"line":2,"column":6526}},"line":2},"9":{"name":"deleteResource","decl":{"start":{"line":2,"column":6600},"end":{"line":2,"column":6614}},"loc":{"start":{"line":2,"column":6626},"end":{"line":2,"column":7415}},"line":2},"10":{"name":"(anonymous_10)","decl":{"start":{"line":2,"column":6957},"end":{"line":2,"column":6958}},"loc":{"start":{"line":2,"column":6967},"end":{"line":2,"column":7374}},"line":2}},"branchMap":{"0":{"loc":{"start":{"line":1,"column":8902},"end":{"line":1,"column":8931}},"type":"binary-expr","locations":[{"start":{"line":1,"column":8902},"end":{"line":1,"column":8913}},{"start":{"line":1,"column":8916},"end":{"line":1,"column":8930}}],"line":1},"1":{"loc":{"start":{"line":1,"column":8932},"end":{"line":1,"column":9009}},"type":"if","locations":[{"start":{"line":1,"column":8932},"end":{"line":1,"column":9009}},{"start":{"line":1,"column":8932},"end":{"line":1,"column":9009}}],"line":1},"2":{"loc":{"start":{"line":1,"column":8935},"end":{"line":1,"column":8978}},"type":"binary-expr","locations":[{"start":{"line":1,"column":8935},"end":{"line":1,"column":8950}},{"start":{"line":1,"column":8952},"end":{"line":1,"column":8978}}],"line":1},"3":{"loc":{"start":{"line":2,"column":1843},"end":{"line":2,"column":2328}},"type":"if","locations":[{"start":{"line":2,"column":1843},"end":{"line":2,"column":2328}},{"start":{"line":2,"column":1843},"end":{"line":2,"column":2328}}],"line":2},"4":{"loc":{"start":{"line":2,"column":1846},"end":{"line":2,"column":2045}},"type":"binary-expr","locations":[{"start":{"line":2,"column":1847},"end":{"line":2,"column":1890}},{"start":{"line":2,"column":1894},"end":{"line":2,"column":1941}},{"start":{"line":2,"column":1945},"end":{"line":2,"column":1995}},{"start":{"line":2,"column":1999},"end":{"line":2,"column":2044}}],"line":2},"5":{"loc":{"start":{"line":2,"column":2746},"end":{"line":2,"column":3716}},"type":"if","locations":[{"start":{"line":2,"column":2746},"end":{"line":2,"column":3716}},{"start":{"line":2,"column":2746},"end":{"line":2,"column":3716}}],"line":2},"6":{"loc":{"start":{"line":2,"column":5123},"end":{"line":2,"column":5567}},"type":"if","locations":[{"start":{"line":2,"column":5123},"end":{"line":2,"column":5567}},{"start":{"line":2,"column":5123},"end":{"line":2,"column":5567}}],"line":2},"7":{"loc":{"start":{"line":2,"column":5126},"end":{"line":2,"column":5276}},"type":"binary-expr","locations":[{"start":{"line":2,"column":5127},"end":{"line":2,"column":5170}},{"start":{"line":2,"column":5174},"end":{"line":2,"column":5221}},{"start":{"line":2,"column":5225},"end":{"line":2,"column":5275}}],"line":2},"8":{"loc":{"start":{"line":2,"column":5943},"end":{"line":2,"column":6525}},"type":"if","locations":[{"start":{"line":2,"column":5943},"end":{"line":2,"column":6525}},{"start":{"line":2,"column":5943},"end":{"line":2,"column":6525}}],"line":2},"9":{"loc":{"start":{"line":2,"column":7081},"end":{"line":2,"column":7373}},"type":"if","locations":[{"start":{"line":2,"column":7081},"end":{"line":2,"column":7373}},{"start":{"line":2,"column":7081},"end":{"line":2,"column":7373}}],"line":2}},"s":{"0":0,"1":0,"2":0,"3":0,"4":0,"5":0,"6":0,"7":0,"8":0,"9":0,"10":0,"11":0,"12":0,"13":0,"14":0,"15":0,"16":0,"17":0,"18":0,"19":0,"20":0,"21":0,"22":0,"23":0,"24":0,"25":0,"26":0,"27":0,"28":0,"29":0,"30":0,"31":0,"32":0,"33":0,"34":0,"35":0,"36":0,"37":0,"38":0,"39":0,"40":0,"41":0,"42":0,"43":0,"44":0,"45":0,"46":0,"47":0,"48":0,"49":0,"50":0,"51":0,"52":0,"53":0,"54":0,"55":0,"56":0,"57":0,"58":0,"59":0,"60":0,"61":0,"62":0,"63":0,"64":0,"65":0,"66":0,"67":0,"68":0,"69":0,"70":0,"71":0,"72":0,"73":0,"74":0,"75":0,"76":0,"77":0,"78":0,"79":0,"80":0,"81":0,"82":0,"83":0,"84":0,"85":0,"86":0,"87":0,"88":0,"89":0,"90":0,"91":0,"92":0,"93":0,"94":0,"95":0,"96":0,"97":0,"98":0,"99":0,"100":0,"101":0,"102":0,"103":0,"104":0,"105":0,"106":0,"107":0,"108":0,"109":0,"110":0,"111":0,"112":0,"113":0,"114":0,"115":0,"116":0,"117":0,"118":0,"119":0,"120":0,"121":0,"122":0,"123":0,"124":0,"125":0,"126":0,"127":0,"128":0,"129":0,"130":0,"131":0,"132":0,"133":0,"134":0,"135":0,"136":0,"137":0,"138":0,"139":0,"140":0,"141":0,"142":0,"143":0,"144":0,"145":0,"146":0,"147":0,"148":0,"149":0,"150":0,"151":0,"152":0,"153":0,"154":0,"155":0,"156":0,"157":0,"158":0,"159":0,"160":0,"161":0,"162":0,"163":0,"164":0,"165":0,"166":0,"167":0,"168":0,"169":0,"170":0,"171":0,"172":0,"173":0,"174":0,"175":0,"176":0,"177":0,"178":0,"179":0,"180":0,"181":0,"182":0,"183":0,"184":0,"185":0,"186":0,"187":0,"188":0},"f":{"0":0,"1":0,"2":0,"3":0,"4":0,"5":0,"6":0,"7":0,"8":0,"9":0,"10":0},"b":{"0":[0,0],"1":[0,0],"2":[0,0],"3":[0,0],"4":[0,0,0,0],"5":[0,0],"6":[0,0],"7":[0,0,0],"8":[0,0],"9":[0,0]},"inputSourceMap":{"version":3,"names":["cov_gwr30p1j9","actualCoverage","viewResources","f","response","s","request","XMLHttpRequest","open","setRequestHeader","onload","JSON","parse","responseText","html","i","length","name","location","description","owner","rating","stringify","replaceAll","id","document","getElementById","innerHTML","send","addResource","jsonData","Object","value","sessionStorage","getItem","b","setAttribute","console","log","message","undefined","alert","window","href","editResource","data","selectedResource","$","modal","updateResource","deleteResource","selectedId"],"sources":["home.js"],"sourcesContent":["\r\nfunction viewResources() {\r\n    var response = '';\r\n    var request = new XMLHttpRequest();\r\n    request.open('GET', '/view-resources', true);\r\n    request.setRequestHeader('Content-Type', 'application/json');\r\n    request.onload = function () {\r\n        response = JSON.parse(request.responseText);\r\n        var html = ''\r\n        for (var i = 0; i < response.length; i++) {\r\n            html += '<tr>' +\r\n                '<td>' + (i + 1) + '</td>' +\r\n                '<td>' + response[i].name + '</td>' +\r\n                '<td>' + response[i].location + '</td>' +\r\n                '<td>' + response[i].description + '</td>' +\r\n                '<td>' + response[i].owner + '</td>' +\r\n\r\n                '<td>' + response[i].rating + '</td>' +\r\n                '<td>' +\r\n                '<button type=\"button\" class=\"btn btn-warning\" onclick=\"editResource(\\'' + JSON.stringify(response[i]).replaceAll('\\\"', '&quot;') + '\\')\">Edit </button> ' +\r\n                '<button type=\"button\" class=\"btn btn-danger\"  onclick=\"deleteResource(' + response[i].id + ')\"> Delete</button>' +\r\n                '</td>' +\r\n                '</tr>'\r\n        }\r\n        document.getElementById('tableContent').innerHTML = html;\r\n\r\n    };\r\n    request.send();\r\n}\r\nfunction addResource() {\r\n    var response = \"\";\r\n    var jsonData = new Object();\r\n    jsonData.name = document.getElementById(\"name\").value;\r\n    jsonData.location = document.getElementById(\"location\").value;\r\n    jsonData.description = document.getElementById(\"description\").value;\r\n    jsonData.rating = document.getElementById(\"rating\").value;\r\n\r\n    jsonData.owner = sessionStorage.getItem(\"email\");\r\n    if (jsonData.name == \"\" || jsonData.location == \"\" || jsonData.description == \"\" || jsonData.rating == \"\") {\r\n        document.getElementById(\"message\").innerHTML = 'All fields are required!';\r\n        document.getElementById(\"message\").setAttribute(\"class\", \"text-danger\");\r\n        return;\r\n    }\r\n    var request = new XMLHttpRequest();\r\n    request.open(\"POST\", \"/add-resource\", true);\r\n    request.setRequestHeader('Content-Type', 'application/json');\r\n    request.onload = function () {\r\n        response = JSON.parse(request.responseText);\r\n        console.log(response)\r\n        if (response.message == undefined) {\r\n            alert(\"Resource added successfully\")\r\n            document.getElementById(\"message\").innerHTML = 'Added Resource: ' +\r\n                jsonData.name + '!';\r\n            document.getElementById(\"message\").setAttribute(\"class\", \"text-success\");\r\n            document.getElementById(\"name\").value = \"\";\r\n            document.getElementById(\"location\").value = \"\";\r\n            document.getElementById(\"description\").value = \"\";\r\n            document.getElementById(\"rating\").value = \"\";\r\n\r\n            window.location.href = 'home.html';\r\n        }\r\n        else {\r\n            document.getElementById(\"message\").innerHTML = 'Unable to add resource!'; document.getElementById(\"message\").setAttribute(\"class\", \"text- danger\");\r\n            document.getElementById(\"message\").setAttribute(\"class\", \"text-danger\");\r\n        }\r\n    };\r\n    request.send(JSON.stringify(jsonData));\r\n\r\n\r\n}\r\n\r\nfunction editResource(data) {\r\n    var selectedResource = JSON.parse(data);\r\nconsole.log(selectedResource)\r\n    document.getElementById(\"editName\").value = selectedResource.name;\r\n    document.getElementById(\"editLocation\").value = selectedResource.location;\r\n    document.getElementById(\"editDescription\").value = selectedResource.description;\r\n    document.getElementById(\"editRating\").value = selectedResource.rating;\r\n\r\n\r\n    document.getElementById(\"updateButton\").setAttribute(\"onclick\", 'updateResource(\"' + selectedResource.id + '\")');\r\n\r\n    $('#editResourceModal').modal('show'); \r\n}\r\n\r\nfunction updateResource(id) {\r\n    console.log()\r\n    var response = \"\";\r\n\r\n    var jsonData = new Object();\r\n    jsonData.name = document.getElementById(\"editName\").value;\r\n    jsonData.location = document.getElementById(\"editLocation\").value;\r\n    jsonData.description = document.getElementById(\"editDescription\").value;\r\n    jsonData.rating = document.getElementById(\"editRating\").value;\r\nconsole.log(jsonData)\r\n\r\n    if (jsonData.name == \"\" || jsonData.location == \"\" || jsonData.description == \"\") {\r\n        document.getElementById(\"editMessage\").innerHTML = 'All fields are required!';\r\n        document.getElementById(\"editMessage\").setAttribute(\"class\", \"text-danger\");\r\n        return;\r\n    }\r\n\r\n    var request = new XMLHttpRequest();\r\n\r\n    request.open(\"PUT\", \"/edit-resource/\" + id, true);\r\n    request.setRequestHeader('Content-Type', 'application/json');\r\n\r\n    request.onload = function () {\r\n        response = JSON.parse(request.responseText);\r\n\r\n        if (response.message == \"Resource modified successfully!\") {\r\n            document.getElementById(\"editMessage\").innerHTML = 'Edited Resource: ' + jsonData.name + '!';\r\n            document.getElementById(\"editMessage\").setAttribute(\"class\", \"text-success\");\r\n            window.location.href = 'home.html';\r\n        }\r\n        else {\r\n            document.getElementById(\"editMessage\").innerHTML = 'Unable to edit resource!';\r\n            document.getElementById(\"editMessage\").setAttribute(\"class\", \"text-danger\");\r\n        }\r\n    };\r\n\r\n    request.send(JSON.stringify(jsonData));\r\n}\r\n\r\nfunction deleteResource(selectedId) {\r\n    var response = \"\";\r\n    var request = new XMLHttpRequest();\r\n    request.open(\"DELETE\", \"/delete-resource/\" + selectedId, true);\r\n    request.setRequestHeader('Content-Type', 'application/json');\r\n    request.onload = function () {\r\n        response = JSON.parse(request.responseText);\r\n        if (response.message == \"Resource deleted successfully!\") {\r\n            window.location.href = 'home.html';\r\n            alert(\"Resource added successfully\")\r\n        }\r\n        else {\r\n            alert('Unable to delete resource!');\r\n        }\r\n    };\r\n    request.send();\r\n}"],"mappings":"o1RAeY;AAAAA,aAAA,SAAAA,CAAA,SAAAC,cAAA,WAAAA,cAAA,EAAAD,aAAA,GAdZ,QAAS,CAAAE,aAAaA,CAAA,CAAG,CAAAF,aAAA,GAAAG,CAAA,MACrB,GAAI,CAAAC,QAAQ,EAAAJ,aAAA,GAAAK,CAAA,MAAG,EAAE,EACjB,GAAI,CAAAC,OAAO,EAAAN,aAAA,GAAAK,CAAA,MAAG,GAAI,CAAAE,cAAc,CAAC,CAAC,EAACP,aAAA,GAAAK,CAAA,MACnCC,OAAO,CAACE,IAAI,CAAC,KAAK,CAAE,iBAAiB,CAAE,IAAI,CAAC,CAACR,aAAA,GAAAK,CAAA,MAC7CC,OAAO,CAACG,gBAAgB,CAAC,cAAc,CAAE,kBAAkB,CAAC,CAACT,aAAA,GAAAK,CAAA,MAC7DC,OAAO,CAACI,MAAM,CAAG,UAAY,CAAAV,aAAA,GAAAG,CAAA,MAAAH,aAAA,GAAAK,CAAA,MACzBD,QAAQ,CAAGO,IAAI,CAACC,KAAK,CAACN,OAAO,CAACO,YAAY,CAAC,CAC3C,GAAI,CAAAC,IAAI,EAAAd,aAAA,GAAAK,CAAA,MAAG,EAAE,EAAAL,aAAA,GAAAK,CAAA,MACb,IAAK,GAAI,CAAAU,CAAC,EAAAf,aAAA,GAAAK,CAAA,MAAG,CAAC,EAAEU,CAAC,CAAGX,QAAQ,CAACY,MAAM,CAAED,CAAC,EAAE,CAAE,CAAAf,aAAA,GAAAK,CAAA,MACtCS,IAAI,EAAI,MAAM,CACV,MAAM,EAAIC,CAAC,CAAG,CAAC,CAAC,CAAG,OAAO,CAC1B,MAAM,CAAGX,QAAQ,CAACW,CAAC,CAAC,CAACE,IAAI,CAAG,OAAO,CACnC,MAAM,CAAGb,QAAQ,CAACW,CAAC,CAAC,CAACG,QAAQ,CAAG,OAAO,CACvC,MAAM,CAAGd,QAAQ,CAACW,CAAC,CAAC,CAACI,WAAW,CAAG,OAAO,CAC1C,MAAM,CAAGf,QAAQ,CAACW,CAAC,CAAC,CAACK,KAAK,CAAG,OAAO,CAEpC,MAAM,CAAGhB,QAAQ,CAACW,CAAC,CAAC,CAACM,MAAM,CAAG,OAAO,CACrC,MAAM,CACN,wEAAwE,CAAGV,IAAI,CAACW,SAAS,CAAClB,QAAQ,CAACW,CAAC,CAAC,CAAC,CAACQ,UAAU,CAAC,IAAI,CAAE,QAAQ,CAAC,CAAG,sBAAsB,CAC1J,wEAAwE,CAAGnB,QAAQ,CAACW,CAAC,CAAC,CAACS,EAAE,CAAG,qBAAqB,CACjH,OAAO,CACP,OAAO,CACf,CAACxB,aAAA,GAAAK,CAAA,OACDoB,QAAQ,CAACC,cAAc,CAAC,cAAc,CAAC,CAACC,SAAS,CAAGb,IAAI,CAE5D,CAAC,CAACd,aAAA,GAAAK,CAAA,OACFC,OAAO,CAACsB,IAAI,CAAC,CAAC,CAClB,CACA,QAAS,CAAAC,WAAWA,CAAA,CAAG,CAAA7B,aAAA,GAAAG,CAAA,MACnB,GAAI,CAAAC,QAAQ,EAAAJ,aAAA,GAAAK,CAAA,OAAG,EAAE,EACjB,GAAI,CAAAyB,QAAQ,EAAA9B,aAAA,GAAAK,CAAA,OAAG,GAAI,CAAA0B,MAAM,CAAC,CAAC,EAAC/B,aAAA,GAAAK,CAAA,OAC5ByB,QAAQ,CAACb,IAAI,CAAGQ,QAAQ,CAACC,cAAc,CAAC,MAAM,CAAC,CAACM,KAAK,CAAChC,aAAA,GAAAK,CAAA,OACtDyB,QAAQ,CAACZ,QAAQ,CAAGO,QAAQ,CAACC,cAAc,CAAC,UAAU,CAAC,CAACM,KAAK,CAAChC,aAAA,GAAAK,CAAA,OAC9DyB,QAAQ,CAACX,WAAW,CAAGM,QAAQ,CAACC,cAAc,CAAC,aAAa,CAAC,CAACM,KAAK,CAAChC,aAAA,GAAAK,CAAA,OACpEyB,QAAQ,CAACT,MAAM,CAAGI,QAAQ,CAACC,cAAc,CAAC,QAAQ,CAAC,CAACM,KAAK,CAAChC,aAAA,GAAAK,CAAA,OAE1DyB,QAAQ,CAACV,KAAK,CAAGa,cAAc,CAACC,OAAO,CAAC,OAAO,CAAC,CAAClC,aAAA,GAAAK,CAAA,OACjD,GAAI,CAAAL,aAAA,GAAAmC,CAAA,SAAAL,QAAQ,CAACb,IAAI,EAAI,EAAE,IAAAjB,aAAA,GAAAmC,CAAA,SAAIL,QAAQ,CAACZ,QAAQ,EAAI,EAAE,IAAAlB,aAAA,GAAAmC,CAAA,SAAIL,QAAQ,CAACX,WAAW,EAAI,EAAE,IAAAnB,aAAA,GAAAmC,CAAA,SAAIL,QAAQ,CAACT,MAAM,EAAI,EAAE,EAAE,CAAArB,aAAA,GAAAmC,CAAA,SAAAnC,aAAA,GAAAK,CAAA,OACvGoB,QAAQ,CAACC,cAAc,CAAC,SAAS,CAAC,CAACC,SAAS,CAAG,0BAA0B,CAAC3B,aAAA,GAAAK,CAAA,OAC1EoB,QAAQ,CAACC,cAAc,CAAC,SAAS,CAAC,CAACU,YAAY,CAAC,OAAO,CAAE,aAAa,CAAC,CAACpC,aAAA,GAAAK,CAAA,OACxE,OACJ,CAAC,KAAAL,aAAA,GAAAmC,CAAA,UACD,GAAI,CAAA7B,OAAO,EAAAN,aAAA,GAAAK,CAAA,OAAG,GAAI,CAAAE,cAAc,CAAC,CAAC,EAACP,aAAA,GAAAK,CAAA,OACnCC,OAAO,CAACE,IAAI,CAAC,MAAM,CAAE,eAAe,CAAE,IAAI,CAAC,CAACR,aAAA,GAAAK,CAAA,OAC5CC,OAAO,CAACG,gBAAgB,CAAC,cAAc,CAAE,kBAAkB,CAAC,CAACT,aAAA,GAAAK,CAAA,OAC7DC,OAAO,CAACI,MAAM,CAAG,UAAY,CAAAV,aAAA,GAAAG,CAAA,MAAAH,aAAA,GAAAK,CAAA,OACzBD,QAAQ,CAAGO,IAAI,CAACC,KAAK,CAACN,OAAO,CAACO,YAAY,CAAC,CAACb,aAAA,GAAAK,CAAA,OAC5CgC,OAAO,CAACC,GAAG,CAAClC,QAAQ,CAAC,CAAAJ,aAAA,GAAAK,CAAA,OACrB,GAAID,QAAQ,CAACmC,OAAO,EAAIC,SAAS,CAAE,CAAAxC,aAAA,GAAAmC,CAAA,SAAAnC,aAAA,GAAAK,CAAA,OAC/BoC,KAAK,CAAC,6BAA6B,CAAC,CAAAzC,aAAA,GAAAK,CAAA,OACpCoB,QAAQ,CAACC,cAAc,CAAC,SAAS,CAAC,CAACC,SAAS,CAAG,kBAAkB,CAC7DG,QAAQ,CAACb,IAAI,CAAG,GAAG,CAACjB,aAAA,GAAAK,CAAA,OACxBoB,QAAQ,CAACC,cAAc,CAAC,SAAS,CAAC,CAACU,YAAY,CAAC,OAAO,CAAE,cAAc,CAAC,CAACpC,aAAA,GAAAK,CAAA,OACzEoB,QAAQ,CAACC,cAAc,CAAC,MAAM,CAAC,CAACM,KAAK,CAAG,EAAE,CAAChC,aAAA,GAAAK,CAAA,OAC3CoB,QAAQ,CAACC,cAAc,CAAC,UAAU,CAAC,CAACM,KAAK,CAAG,EAAE,CAAChC,aAAA,GAAAK,CAAA,OAC/CoB,QAAQ,CAACC,cAAc,CAAC,aAAa,CAAC,CAACM,KAAK,CAAG,EAAE,CAAChC,aAAA,GAAAK,CAAA,OAClDoB,QAAQ,CAACC,cAAc,CAAC,QAAQ,CAAC,CAACM,KAAK,CAAG,EAAE,CAAChC,aAAA,GAAAK,CAAA,OAE7CqC,MAAM,CAACxB,QAAQ,CAACyB,IAAI,CAAG,WAAW,CACtC,CAAC,IACI,CAAA3C,aAAA,GAAAmC,CAAA,SAAAnC,aAAA,GAAAK,CAAA,OACDoB,QAAQ,CAACC,cAAc,CAAC,SAAS,CAAC,CAACC,SAAS,CAAG,yBAAyB,CAAC3B,aAAA,GAAAK,CAAA,OAACoB,QAAQ,CAACC,cAAc,CAAC,SAAS,CAAC,CAACU,YAAY,CAAC,OAAO,CAAE,cAAc,CAAC,CAACpC,aAAA,GAAAK,CAAA,OACnJoB,QAAQ,CAACC,cAAc,CAAC,SAAS,CAAC,CAACU,YAAY,CAAC,OAAO,CAAE,aAAa,CAAC,CAC3E,CACJ,CAAC,CAACpC,aAAA,GAAAK,CAAA,OACFC,OAAO,CAACsB,IAAI,CAACjB,IAAI,CAACW,SAAS,CAACQ,QAAQ,CAAC,CAAC,CAG1C,CAEA,QAAS,CAAAc,YAAYA,CAACC,IAAI,CAAE,CAAA7C,aAAA,GAAAG,CAAA,MACxB,GAAI,CAAA2C,gBAAgB,EAAA9C,aAAA,GAAAK,CAAA,OAAGM,IAAI,CAACC,KAAK,CAACiC,IAAI,CAAC,EAAC7C,aAAA,GAAAK,CAAA,OAC5CgC,OAAO,CAACC,GAAG,CAACQ,gBAAgB,CAAC,CAAA9C,aAAA,GAAAK,CAAA,OACzBoB,QAAQ,CAACC,cAAc,CAAC,UAAU,CAAC,CAACM,KAAK,CAAGc,gBAAgB,CAAC7B,IAAI,CAACjB,aAAA,GAAAK,CAAA,OAClEoB,QAAQ,CAACC,cAAc,CAAC,cAAc,CAAC,CAACM,KAAK,CAAGc,gBAAgB,CAAC5B,QAAQ,CAAClB,aAAA,GAAAK,CAAA,OAC1EoB,QAAQ,CAACC,cAAc,CAAC,iBAAiB,CAAC,CAACM,KAAK,CAAGc,gBAAgB,CAAC3B,WAAW,CAACnB,aAAA,GAAAK,CAAA,OAChFoB,QAAQ,CAACC,cAAc,CAAC,YAAY,CAAC,CAACM,KAAK,CAAGc,gBAAgB,CAACzB,MAAM,CAACrB,aAAA,GAAAK,CAAA,OAGtEoB,QAAQ,CAACC,cAAc,CAAC,cAAc,CAAC,CAACU,YAAY,CAAC,SAAS,CAAE,kBAAkB,CAAGU,gBAAgB,CAACtB,EAAE,CAAG,IAAI,CAAC,CAACxB,aAAA,GAAAK,CAAA,OAEjH0C,CAAC,CAAC,oBAAoB,CAAC,CAACC,KAAK,CAAC,MAAM,CAAC,CACzC,CAEA,QAAS,CAAAC,cAAcA,CAACzB,EAAE,CAAE,CAAAxB,aAAA,GAAAG,CAAA,MAAAH,aAAA,GAAAK,CAAA,OACxBgC,OAAO,CAACC,GAAG,CAAC,CAAC,CACb,GAAI,CAAAlC,QAAQ,EAAAJ,aAAA,GAAAK,CAAA,OAAG,EAAE,EAEjB,GAAI,CAAAyB,QAAQ,EAAA9B,aAAA,GAAAK,CAAA,OAAG,GAAI,CAAA0B,MAAM,CAAC,CAAC,EAAC/B,aAAA,GAAAK,CAAA,OAC5ByB,QAAQ,CAACb,IAAI,CAAGQ,QAAQ,CAACC,cAAc,CAAC,UAAU,CAAC,CAACM,KAAK,CAAChC,aAAA,GAAAK,CAAA,OAC1DyB,QAAQ,CAACZ,QAAQ,CAAGO,QAAQ,CAACC,cAAc,CAAC,cAAc,CAAC,CAACM,KAAK,CAAChC,aAAA,GAAAK,CAAA,OAClEyB,QAAQ,CAACX,WAAW,CAAGM,QAAQ,CAACC,cAAc,CAAC,iBAAiB,CAAC,CAACM,KAAK,CAAChC,aAAA,GAAAK,CAAA,OACxEyB,QAAQ,CAACT,MAAM,CAAGI,QAAQ,CAACC,cAAc,CAAC,YAAY,CAAC,CAACM,KAAK,CAAChC,aAAA,GAAAK,CAAA,OAClEgC,OAAO,CAACC,GAAG,CAACR,QAAQ,CAAC,CAAA9B,aAAA,GAAAK,CAAA,OAEjB,GAAI,CAAAL,aAAA,GAAAmC,CAAA,SAAAL,QAAQ,CAACb,IAAI,EAAI,EAAE,IAAAjB,aAAA,GAAAmC,CAAA,SAAIL,QAAQ,CAACZ,QAAQ,EAAI,EAAE,IAAAlB,aAAA,GAAAmC,CAAA,SAAIL,QAAQ,CAACX,WAAW,EAAI,EAAE,EAAE,CAAAnB,aAAA,GAAAmC,CAAA,SAAAnC,aAAA,GAAAK,CAAA,OAC9EoB,QAAQ,CAACC,cAAc,CAAC,aAAa,CAAC,CAACC,SAAS,CAAG,0BAA0B,CAAC3B,aAAA,GAAAK,CAAA,OAC9EoB,QAAQ,CAACC,cAAc,CAAC,aAAa,CAAC,CAACU,YAAY,CAAC,OAAO,CAAE,aAAa,CAAC,CAACpC,aAAA,GAAAK,CAAA,OAC5E,OACJ,CAAC,KAAAL,aAAA,GAAAmC,CAAA,UAED,GAAI,CAAA7B,OAAO,EAAAN,aAAA,GAAAK,CAAA,OAAG,GAAI,CAAAE,cAAc,CAAC,CAAC,EAACP,aAAA,GAAAK,CAAA,OAEnCC,OAAO,CAACE,IAAI,CAAC,KAAK,CAAE,iBAAiB,CAAGgB,EAAE,CAAE,IAAI,CAAC,CAACxB,aAAA,GAAAK,CAAA,OAClDC,OAAO,CAACG,gBAAgB,CAAC,cAAc,CAAE,kBAAkB,CAAC,CAACT,aAAA,GAAAK,CAAA,OAE7DC,OAAO,CAACI,MAAM,CAAG,UAAY,CAAAV,aAAA,GAAAG,CAAA,MAAAH,aAAA,GAAAK,CAAA,OACzBD,QAAQ,CAAGO,IAAI,CAACC,KAAK,CAACN,OAAO,CAACO,YAAY,CAAC,CAACb,aAAA,GAAAK,CAAA,OAE5C,GAAID,QAAQ,CAACmC,OAAO,EAAI,iCAAiC,CAAE,CAAAvC,aAAA,GAAAmC,CAAA,SAAAnC,aAAA,GAAAK,CAAA,OACvDoB,QAAQ,CAACC,cAAc,CAAC,aAAa,CAAC,CAACC,SAAS,CAAG,mBAAmB,CAAGG,QAAQ,CAACb,IAAI,CAAG,GAAG,CAACjB,aAAA,GAAAK,CAAA,OAC7FoB,QAAQ,CAACC,cAAc,CAAC,aAAa,CAAC,CAACU,YAAY,CAAC,OAAO,CAAE,cAAc,CAAC,CAACpC,aAAA,GAAAK,CAAA,OAC7EqC,MAAM,CAACxB,QAAQ,CAACyB,IAAI,CAAG,WAAW,CACtC,CAAC,IACI,CAAA3C,aAAA,GAAAmC,CAAA,SAAAnC,aAAA,GAAAK,CAAA,OACDoB,QAAQ,CAACC,cAAc,CAAC,aAAa,CAAC,CAACC,SAAS,CAAG,0BAA0B,CAAC3B,aAAA,GAAAK,CAAA,OAC9EoB,QAAQ,CAACC,cAAc,CAAC,aAAa,CAAC,CAACU,YAAY,CAAC,OAAO,CAAE,aAAa,CAAC,CAC/E,CACJ,CAAC,CAACpC,aAAA,GAAAK,CAAA,OAEFC,OAAO,CAACsB,IAAI,CAACjB,IAAI,CAACW,SAAS,CAACQ,QAAQ,CAAC,CAAC,CAC1C,CAEA,QAAS,CAAAoB,cAAcA,CAACC,UAAU,CAAE,CAAAnD,aAAA,GAAAG,CAAA,MAChC,GAAI,CAAAC,QAAQ,EAAAJ,aAAA,GAAAK,CAAA,OAAG,EAAE,EACjB,GAAI,CAAAC,OAAO,EAAAN,aAAA,GAAAK,CAAA,OAAG,GAAI,CAAAE,cAAc,CAAC,CAAC,EAACP,aAAA,GAAAK,CAAA,OACnCC,OAAO,CAACE,IAAI,CAAC,QAAQ,CAAE,mBAAmB,CAAG2C,UAAU,CAAE,IAAI,CAAC,CAACnD,aAAA,GAAAK,CAAA,OAC/DC,OAAO,CAACG,gBAAgB,CAAC,cAAc,CAAE,kBAAkB,CAAC,CAACT,aAAA,GAAAK,CAAA,OAC7DC,OAAO,CAACI,MAAM,CAAG,UAAY,CAAAV,aAAA,GAAAG,CAAA,MAAAH,aAAA,GAAAK,CAAA,OACzBD,QAAQ,CAAGO,IAAI,CAACC,KAAK,CAACN,OAAO,CAACO,YAAY,CAAC,CAACb,aAAA,GAAAK,CAAA,OAC5C,GAAID,QAAQ,CAACmC,OAAO,EAAI,gCAAgC,CAAE,CAAAvC,aAAA,GAAAmC,CAAA,SAAAnC,aAAA,GAAAK,CAAA,OACtDqC,MAAM,CAACxB,QAAQ,CAACyB,IAAI,CAAG,WAAW,CAAC3C,aAAA,GAAAK,CAAA,OACnCoC,KAAK,CAAC,6BAA6B,CAAC,CACxC,CAAC,IACI,CAAAzC,aAAA,GAAAmC,CAAA,SAAAnC,aAAA,GAAAK,CAAA,OACDoC,KAAK,CAAC,4BAA4B,CAAC,CACvC,CACJ,CAAC,CAACzC,aAAA,GAAAK,CAAA,OACFC,OAAO,CAACsB,IAAI,CAAC,CAAC,CAClB"},"all":true},"C:\\school y2\\sem2.2\\DevOps\\foodVentures\\foodVentures\\public\\instrumented\\js\\login.js":{"path":"C:\\school y2\\sem2.2\\DevOps\\foodVentures\\foodVentures\\public\\instrumented\\js\\login.js","statementMap":{"0":{"start":{"line":1,"column":35},"end":{"line":1,"column":124}},"1":{"start":{"line":1,"column":134},"end":{"line":1,"column":176}},"2":{"start":{"line":1,"column":188},"end":{"line":1,"column":217}},"3":{"start":{"line":1,"column":226},"end":{"line":1,"column":240}},"4":{"start":{"line":1,"column":258},"end":{"line":1,"column":2503}},"5":{"start":{"line":1,"column":2517},"end":{"line":1,"column":2546}},"6":{"start":{"line":1,"column":2547},"end":{"line":1,"column":2624}},"7":{"start":{"line":1,"column":2595},"end":{"line":1,"column":2623}},"8":{"start":{"line":1,"column":2643},"end":{"line":1,"column":2657}},"9":{"start":{"line":2,"column":0},"end":{"line":2,"column":50}},"10":{"start":{"line":2,"column":26},"end":{"line":2,"column":48}},"11":{"start":{"line":2,"column":51},"end":{"line":2,"column":73}},"12":{"start":{"line":2,"column":74},"end":{"line":2,"column":91}},"13":{"start":{"line":2,"column":108},"end":{"line":2,"column":132}},"14":{"start":{"line":2,"column":146},"end":{"line":2,"column":172}},"15":{"start":{"line":2,"column":188},"end":{"line":2,"column":224}},"16":{"start":{"line":2,"column":226},"end":{"line":2,"column":250}},"17":{"start":{"line":2,"column":250},"end":{"line":2,"column":304}},"18":{"start":{"line":2,"column":304},"end":{"line":2,"column":328}},"19":{"start":{"line":2,"column":328},"end":{"line":2,"column":388}},"20":{"start":{"line":2,"column":388},"end":{"line":2,"column":412}},"21":{"start":{"line":2,"column":412},"end":{"line":2,"column":702}},"22":{"start":{"line":2,"column":516},"end":{"line":2,"column":543}},"23":{"start":{"line":2,"column":543},"end":{"line":2,"column":567}},"24":{"start":{"line":2,"column":567},"end":{"line":2,"column":637}},"25":{"start":{"line":2,"column":637},"end":{"line":2,"column":661}},"26":{"start":{"line":2,"column":661},"end":{"line":2,"column":668}},"27":{"start":{"line":2,"column":674},"end":{"line":2,"column":701}},"28":{"start":{"line":2,"column":715},"end":{"line":2,"column":759}},"29":{"start":{"line":2,"column":761},"end":{"line":2,"column":785}},"30":{"start":{"line":2,"column":785},"end":{"line":2,"column":820}},"31":{"start":{"line":2,"column":820},"end":{"line":2,"column":844}},"32":{"start":{"line":2,"column":844},"end":{"line":2,"column":904}},"33":{"start":{"line":2,"column":904},"end":{"line":2,"column":929}},"34":{"start":{"line":2,"column":929},"end":{"line":2,"column":1444}},"35":{"start":{"line":2,"column":955},"end":{"line":2,"column":979}},"36":{"start":{"line":2,"column":979},"end":{"line":2,"column":1004}},"37":{"start":{"line":2,"column":1004},"end":{"line":2,"column":1046}},"38":{"start":{"line":2,"column":1046},"end":{"line":2,"column":1071}},"39":{"start":{"line":2,"column":1071},"end":{"line":2,"column":1093}},"40":{"start":{"line":2,"column":1093},"end":{"line":2,"column":1118}},"41":{"start":{"line":2,"column":1118},"end":{"line":2,"column":1442}},"42":{"start":{"line":2,"column":1160},"end":{"line":2,"column":1187}},"43":{"start":{"line":2,"column":1187},"end":{"line":2,"column":1212}},"44":{"start":{"line":2,"column":1212},"end":{"line":2,"column":1259}},"45":{"start":{"line":2,"column":1259},"end":{"line":2,"column":1284}},"46":{"start":{"line":2,"column":1284},"end":{"line":2,"column":1317}},"47":{"start":{"line":2,"column":1323},"end":{"line":2,"column":1350}},"48":{"start":{"line":2,"column":1350},"end":{"line":2,"column":1375}},"49":{"start":{"line":2,"column":1375},"end":{"line":2,"column":1441}},"50":{"start":{"line":2,"column":1444},"end":{"line":2,"column":1469}},"51":{"start":{"line":2,"column":1469},"end":{"line":2,"column":1508}}},"fnMap":{"0":{"name":"cov_20i0q6fobv","decl":{"start":{"line":1,"column":9},"end":{"line":1,"column":23}},"loc":{"start":{"line":1,"column":25},"end":{"line":2,"column":74}},"line":1},"1":{"name":"(anonymous_1)","decl":{"start":{"line":2,"column":15},"end":{"line":2,"column":16}},"loc":{"start":{"line":2,"column":25},"end":{"line":2,"column":49}},"line":2},"2":{"name":"login","decl":{"start":{"line":2,"column":100},"end":{"line":2,"column":105}},"loc":{"start":{"line":2,"column":107},"end":{"line":2,"column":1509}},"line":2},"3":{"name":"(anonymous_3)","decl":{"start":{"line":2,"column":944},"end":{"line":2,"column":945}},"loc":{"start":{"line":2,"column":954},"end":{"line":2,"column":1443}},"line":2}},"branchMap":{"0":{"loc":{"start":{"line":1,"column":2517},"end":{"line":1,"column":2546}},"type":"binary-expr","locations":[{"start":{"line":1,"column":2517},"end":{"line":1,"column":2528}},{"start":{"line":1,"column":2531},"end":{"line":1,"column":2545}}],"line":1},"1":{"loc":{"start":{"line":1,"column":2547},"end":{"line":1,"column":2624}},"type":"if","locations":[{"start":{"line":1,"column":2547},"end":{"line":1,"column":2624}},{"start":{"line":1,"column":2547},"end":{"line":1,"column":2624}}],"line":1},"2":{"loc":{"start":{"line":1,"column":2550},"end":{"line":1,"column":2593}},"type":"binary-expr","locations":[{"start":{"line":1,"column":2550},"end":{"line":1,"column":2565}},{"start":{"line":1,"column":2567},"end":{"line":1,"column":2593}}],"line":1},"3":{"loc":{"start":{"line":2,"column":412},"end":{"line":2,"column":702}},"type":"if","locations":[{"start":{"line":2,"column":412},"end":{"line":2,"column":702}},{"start":{"line":2,"column":412},"end":{"line":2,"column":702}}],"line":2},"4":{"loc":{"start":{"line":2,"column":415},"end":{"line":2,"column":514}},"type":"binary-expr","locations":[{"start":{"line":2,"column":416},"end":{"line":2,"column":461}},{"start":{"line":2,"column":465},"end":{"line":2,"column":513}}],"line":2},"5":{"loc":{"start":{"line":2,"column":1118},"end":{"line":2,"column":1442}},"type":"if","locations":[{"start":{"line":2,"column":1118},"end":{"line":2,"column":1442}},{"start":{"line":2,"column":1118},"end":{"line":2,"column":1442}}],"line":2}},"s":{"0":0,"1":0,"2":0,"3":0,"4":0,"5":0,"6":0,"7":0,"8":0,"9":0,"10":0,"11":0,"12":0,"13":0,"14":0,"15":0,"16":0,"17":0,"18":0,"19":0,"20":0,"21":0,"22":0,"23":0,"24":0,"25":0,"26":0,"27":0,"28":0,"29":0,"30":0,"31":0,"32":0,"33":0,"34":0,"35":0,"36":0,"37":0,"38":0,"39":0,"40":0,"41":0,"42":0,"43":0,"44":0,"45":0,"46":0,"47":0,"48":0,"49":0,"50":0,"51":0},"f":{"0":0,"1":0,"2":0,"3":0},"b":{"0":[0,0],"1":[0,0],"2":[0,0],"3":[0,0],"4":[0,0],"5":[0,0]},"inputSourceMap":{"version":3,"names":["cov_20i0q6fobv","actualCoverage","login","f","response","s","jsonData","Object","email","document","getElementById","value","password","b","innerHTML","request","XMLHttpRequest","open","setRequestHeader","onload","JSON","parse","responseText","console","log","message","sessionStorage","setItem","window","location","href","send","stringify"],"sources":["login.js"],"sourcesContent":["function login() {\n    var response = \"\";\n    var jsonData = new Object();\n    jsonData.email = document.getElementById(\"email\").value;\n    jsonData.password = document.getElementById(\"password\").value;\n    if (jsonData.email == \"\" || jsonData.password == \"\") {\n        document.getElementById(\"error\").innerHTML = 'All fields are required!';\n        return;\n    }\n    var request = new XMLHttpRequest();\n    request.open(\"POST\", \"/login\", true);\n    request.setRequestHeader('Content-Type', 'application/json');\n    request.onload = function () {\n        response = JSON.parse(request.responseText);\n        console.log(response)\n        if (response.message == \"Login successful!\") {\n            sessionStorage.setItem(\"email\", jsonData.email);\n            window.location.href = 'home.html';\n        }\n        else {\n            document.getElementById(\"error\").innerHTML = 'Invalid credentials!';\n        }\n    };\n    request.send(JSON.stringify(jsonData));\n}"],"mappings":"mmFAeY;AAAAA,cAAA,SAAAA,CAAA,SAAAC,cAAA,WAAAA,cAAA,EAAAD,cAAA,GAfZ,QAAS,CAAAE,KAAKA,CAAA,CAAG,CAAAF,cAAA,GAAAG,CAAA,MACb,GAAI,CAAAC,QAAQ,EAAAJ,cAAA,GAAAK,CAAA,MAAG,EAAE,EACjB,GAAI,CAAAC,QAAQ,EAAAN,cAAA,GAAAK,CAAA,MAAG,GAAI,CAAAE,MAAM,CAAC,CAAC,EAACP,cAAA,GAAAK,CAAA,MAC5BC,QAAQ,CAACE,KAAK,CAAGC,QAAQ,CAACC,cAAc,CAAC,OAAO,CAAC,CAACC,KAAK,CAACX,cAAA,GAAAK,CAAA,MACxDC,QAAQ,CAACM,QAAQ,CAAGH,QAAQ,CAACC,cAAc,CAAC,UAAU,CAAC,CAACC,KAAK,CAACX,cAAA,GAAAK,CAAA,MAC9D,GAAI,CAAAL,cAAA,GAAAa,CAAA,SAAAP,QAAQ,CAACE,KAAK,EAAI,EAAE,IAAAR,cAAA,GAAAa,CAAA,SAAIP,QAAQ,CAACM,QAAQ,EAAI,EAAE,EAAE,CAAAZ,cAAA,GAAAa,CAAA,SAAAb,cAAA,GAAAK,CAAA,MACjDI,QAAQ,CAACC,cAAc,CAAC,OAAO,CAAC,CAACI,SAAS,CAAG,0BAA0B,CAACd,cAAA,GAAAK,CAAA,MACxE,OACJ,CAAC,KAAAL,cAAA,GAAAa,CAAA,UACD,GAAI,CAAAE,OAAO,EAAAf,cAAA,GAAAK,CAAA,MAAG,GAAI,CAAAW,cAAc,CAAC,CAAC,EAAChB,cAAA,GAAAK,CAAA,MACnCU,OAAO,CAACE,IAAI,CAAC,MAAM,CAAE,QAAQ,CAAE,IAAI,CAAC,CAACjB,cAAA,GAAAK,CAAA,MACrCU,OAAO,CAACG,gBAAgB,CAAC,cAAc,CAAE,kBAAkB,CAAC,CAAClB,cAAA,GAAAK,CAAA,OAC7DU,OAAO,CAACI,MAAM,CAAG,UAAY,CAAAnB,cAAA,GAAAG,CAAA,MAAAH,cAAA,GAAAK,CAAA,OACzBD,QAAQ,CAAGgB,IAAI,CAACC,KAAK,CAACN,OAAO,CAACO,YAAY,CAAC,CAACtB,cAAA,GAAAK,CAAA,OAC5CkB,OAAO,CAACC,GAAG,CAACpB,QAAQ,CAAC,CAAAJ,cAAA,GAAAK,CAAA,OACrB,GAAID,QAAQ,CAACqB,OAAO,EAAI,mBAAmB,CAAE,CAAAzB,cAAA,GAAAa,CAAA,SAAAb,cAAA,GAAAK,CAAA,OACzCqB,cAAc,CAACC,OAAO,CAAC,OAAO,CAAErB,QAAQ,CAACE,KAAK,CAAC,CAACR,cAAA,GAAAK,CAAA,OAChDuB,MAAM,CAACC,QAAQ,CAACC,IAAI,CAAG,WAAW,CACtC,CAAC,IACI,CAAA9B,cAAA,GAAAa,CAAA,SAAAb,cAAA,GAAAK,CAAA,OACDI,QAAQ,CAACC,cAAc,CAAC,OAAO,CAAC,CAACI,SAAS,CAAG,sBAAsB,CACvE,CACJ,CAAC,CAACd,cAAA,GAAAK,CAAA,OACFU,OAAO,CAACgB,IAAI,CAACX,IAAI,CAACY,SAAS,CAAC1B,QAAQ,CAAC,CAAC,CAC1C"},"all":true},"C:\\school y2\\sem2.2\\DevOps\\foodVentures\\foodVentures\\public\\instrumented\\js\\logout.js":{"path":"C:\\school y2\\sem2.2\\DevOps\\foodVentures\\foodVentures\\public\\instrumented\\js\\logout.js","statementMap":{"0":{"start":{"line":1,"column":35},"end":{"line":1,"column":125}},"1":{"start":{"line":1,"column":135},"end":{"line":1,"column":177}},"2":{"start":{"line":1,"column":189},"end":{"line":1,"column":218}},"3":{"start":{"line":1,"column":227},"end":{"line":1,"column":241}},"4":{"start":{"line":1,"column":259},"end":{"line":1,"column":770}},"5":{"start":{"line":1,"column":784},"end":{"line":1,"column":813}},"6":{"start":{"line":1,"column":814},"end":{"line":1,"column":891}},"7":{"start":{"line":1,"column":862},"end":{"line":1,"column":890}},"8":{"start":{"line":1,"column":910},"end":{"line":1,"column":924}},"9":{"start":{"line":2,"column":0},"end":{"line":2,"column":50}},"10":{"start":{"line":2,"column":26},"end":{"line":2,"column":48}},"11":{"start":{"line":2,"column":51},"end":{"line":2,"column":73}},"12":{"start":{"line":2,"column":74},"end":{"line":2,"column":91}},"13":{"start":{"line":2,"column":109},"end":{"line":2,"column":133}},"14":{"start":{"line":2,"column":133},"end":{"line":2,"column":157}},"15":{"start":{"line":2,"column":157},"end":{"line":2,"column":192}},"16":{"start":{"line":3,"column":0},"end":{"line":3,"column":24}},"17":{"start":{"line":3,"column":24},"end":{"line":3,"column":58}}},"fnMap":{"0":{"name":"cov_2k82w6nsn2","decl":{"start":{"line":1,"column":9},"end":{"line":1,"column":23}},"loc":{"start":{"line":1,"column":25},"end":{"line":2,"column":74}},"line":1},"1":{"name":"(anonymous_1)","decl":{"start":{"line":2,"column":15},"end":{"line":2,"column":16}},"loc":{"start":{"line":2,"column":25},"end":{"line":2,"column":49}},"line":2},"2":{"name":"logout","decl":{"start":{"line":2,"column":100},"end":{"line":2,"column":106}},"loc":{"start":{"line":2,"column":108},"end":{"line":3,"column":59}},"line":2}},"branchMap":{"0":{"loc":{"start":{"line":1,"column":784},"end":{"line":1,"column":813}},"type":"binary-expr","locations":[{"start":{"line":1,"column":784},"end":{"line":1,"column":795}},{"start":{"line":1,"column":798},"end":{"line":1,"column":812}}],"line":1},"1":{"loc":{"start":{"line":1,"column":814},"end":{"line":1,"column":891}},"type":"if","locations":[{"start":{"line":1,"column":814},"end":{"line":1,"column":891}},{"start":{"line":1,"column":814},"end":{"line":1,"column":891}}],"line":1},"2":{"loc":{"start":{"line":1,"column":817},"end":{"line":1,"column":860}},"type":"binary-expr","locations":[{"start":{"line":1,"column":817},"end":{"line":1,"column":832}},{"start":{"line":1,"column":834},"end":{"line":1,"column":860}}],"line":1}},"s":{"0":0,"1":0,"2":0,"3":0,"4":0,"5":0,"6":0,"7":0,"8":0,"9":0,"10":0,"11":0,"12":0,"13":0,"14":0,"15":0,"16":0,"17":0},"f":{"0":0,"1":0,"2":0},"b":{"0":[0,0],"1":[0,0],"2":[0,0]},"inputSourceMap":{"version":3,"names":["cov_2k82w6nsn2","actualCoverage","logout","f","s","sessionStorage","removeItem","window","location","href"],"sources":["logout.js"],"sourcesContent":["function logout() {\n    sessionStorage.removeItem(\"email\");\n\n    // redirects the user to the login page after logout\n\n    window.location.href = 'login.html'; \n}\n"],"mappings":"85BAeY;AAAAA,cAAA,SAAAA,CAAA,SAAAC,cAAA,WAAAA,cAAA,EAAAD,cAAA,GAfZ,QAAS,CAAAE,MAAMA,CAAA,CAAG,CAAAF,cAAA,GAAAG,CAAA,MAAAH,cAAA,GAAAI,CAAA,MACdC,cAAc,CAACC,UAAU,CAAC,OAAO,CAAC,CAElC;AAAAN,cAAA,GAAAI,CAAA,MAEAG,MAAM,CAACC,QAAQ,CAACC,IAAI,CAAG,YAAY,CACvC"},"all":true},"C:\\school y2\\sem2.2\\DevOps\\foodVentures\\foodVentures\\public\\instrumented\\js\\register.js":{"path":"C:\\school y2\\sem2.2\\DevOps\\foodVentures\\foodVentures\\public\\instrumented\\js\\register.js","statementMap":{"0":{"start":{"line":1,"column":35},"end":{"line":1,"column":127}},"1":{"start":{"line":1,"column":137},"end":{"line":1,"column":179}},"2":{"start":{"line":1,"column":191},"end":{"line":1,"column":220}},"3":{"start":{"line":1,"column":229},"end":{"line":1,"column":243}},"4":{"start":{"line":1,"column":261},"end":{"line":1,"column":2954}},"5":{"start":{"line":1,"column":2968},"end":{"line":1,"column":2997}},"6":{"start":{"line":1,"column":2998},"end":{"line":1,"column":3075}},"7":{"start":{"line":1,"column":3046},"end":{"line":1,"column":3074}},"8":{"start":{"line":1,"column":3094},"end":{"line":1,"column":3108}},"9":{"start":{"line":2,"column":0},"end":{"line":2,"column":50}},"10":{"start":{"line":2,"column":26},"end":{"line":2,"column":48}},"11":{"start":{"line":2,"column":51},"end":{"line":2,"column":73}},"12":{"start":{"line":2,"column":74},"end":{"line":2,"column":91}},"13":{"start":{"line":2,"column":111},"end":{"line":2,"column":135}},"14":{"start":{"line":2,"column":149},"end":{"line":2,"column":175}},"15":{"start":{"line":2,"column":191},"end":{"line":2,"column":227}},"16":{"start":{"line":2,"column":229},"end":{"line":2,"column":253}},"17":{"start":{"line":2,"column":253},"end":{"line":2,"column":307}},"18":{"start":{"line":2,"column":307},"end":{"line":2,"column":331}},"19":{"start":{"line":2,"column":331},"end":{"line":2,"column":391}},"20":{"start":{"line":2,"column":412},"end":{"line":2,"column":484}},"21":{"start":{"line":2,"column":486},"end":{"line":2,"column":510}},"22":{"start":{"line":2,"column":510},"end":{"line":2,"column":1100}},"23":{"start":{"line":2,"column":664},"end":{"line":2,"column":691}},"24":{"start":{"line":2,"column":691},"end":{"line":2,"column":715}},"25":{"start":{"line":2,"column":715},"end":{"line":2,"column":785}},"26":{"start":{"line":2,"column":785},"end":{"line":2,"column":809}},"27":{"start":{"line":2,"column":809},"end":{"line":2,"column":816}},"28":{"start":{"line":2,"column":822},"end":{"line":2,"column":849}},"29":{"start":{"line":2,"column":849},"end":{"line":2,"column":873}},"30":{"start":{"line":2,"column":873},"end":{"line":2,"column":1099}},"31":{"start":{"line":2,"column":912},"end":{"line":2,"column":939}},"32":{"start":{"line":2,"column":939},"end":{"line":2,"column":963}},"33":{"start":{"line":2,"column":963},"end":{"line":2,"column":1033}},"34":{"start":{"line":2,"column":1033},"end":{"line":2,"column":1058}},"35":{"start":{"line":2,"column":1058},"end":{"line":2,"column":1065}},"36":{"start":{"line":2,"column":1071},"end":{"line":2,"column":1098}},"37":{"start":{"line":2,"column":1113},"end":{"line":2,"column":1158}},"38":{"start":{"line":2,"column":1160},"end":{"line":2,"column":1185}},"39":{"start":{"line":2,"column":1185},"end":{"line":2,"column":1223}},"40":{"start":{"line":2,"column":1223},"end":{"line":2,"column":1248}},"41":{"start":{"line":2,"column":1248},"end":{"line":2,"column":1308}},"42":{"start":{"line":2,"column":1308},"end":{"line":2,"column":1333}},"43":{"start":{"line":2,"column":1333},"end":{"line":2,"column":1769}},"44":{"start":{"line":2,"column":1359},"end":{"line":2,"column":1383}},"45":{"start":{"line":2,"column":1383},"end":{"line":2,"column":1408}},"46":{"start":{"line":2,"column":1408},"end":{"line":2,"column":1450}},"47":{"start":{"line":2,"column":1450},"end":{"line":2,"column":1475}},"48":{"start":{"line":2,"column":1475},"end":{"line":2,"column":1497}},"49":{"start":{"line":2,"column":1497},"end":{"line":2,"column":1522}},"50":{"start":{"line":2,"column":1522},"end":{"line":2,"column":1767}},"51":{"start":{"line":2,"column":1554},"end":{"line":2,"column":1581}},"52":{"start":{"line":2,"column":1581},"end":{"line":2,"column":1606}},"53":{"start":{"line":2,"column":1606},"end":{"line":2,"column":1640}},"54":{"start":{"line":2,"column":1646},"end":{"line":2,"column":1673}},"55":{"start":{"line":2,"column":1673},"end":{"line":2,"column":1698}},"56":{"start":{"line":2,"column":1698},"end":{"line":2,"column":1766}},"57":{"start":{"line":2,"column":1769},"end":{"line":2,"column":1794}},"58":{"start":{"line":2,"column":1794},"end":{"line":2,"column":1833}}},"fnMap":{"0":{"name":"cov_1h5s4qufmn","decl":{"start":{"line":1,"column":9},"end":{"line":1,"column":23}},"loc":{"start":{"line":1,"column":25},"end":{"line":2,"column":74}},"line":1},"1":{"name":"(anonymous_1)","decl":{"start":{"line":2,"column":15},"end":{"line":2,"column":16}},"loc":{"start":{"line":2,"column":25},"end":{"line":2,"column":49}},"line":2},"2":{"name":"register","decl":{"start":{"line":2,"column":100},"end":{"line":2,"column":108}},"loc":{"start":{"line":2,"column":110},"end":{"line":2,"column":1834}},"line":2},"3":{"name":"(anonymous_3)","decl":{"start":{"line":2,"column":1348},"end":{"line":2,"column":1349}},"loc":{"start":{"line":2,"column":1358},"end":{"line":2,"column":1768}},"line":2}},"branchMap":{"0":{"loc":{"start":{"line":1,"column":2968},"end":{"line":1,"column":2997}},"type":"binary-expr","locations":[{"start":{"line":1,"column":2968},"end":{"line":1,"column":2979}},{"start":{"line":1,"column":2982},"end":{"line":1,"column":2996}}],"line":1},"1":{"loc":{"start":{"line":1,"column":2998},"end":{"line":1,"column":3075}},"type":"if","locations":[{"start":{"line":1,"column":2998},"end":{"line":1,"column":3075}},{"start":{"line":1,"column":2998},"end":{"line":1,"column":3075}}],"line":1},"2":{"loc":{"start":{"line":1,"column":3001},"end":{"line":1,"column":3044}},"type":"binary-expr","locations":[{"start":{"line":1,"column":3001},"end":{"line":1,"column":3016}},{"start":{"line":1,"column":3018},"end":{"line":1,"column":3044}}],"line":1},"3":{"loc":{"start":{"line":2,"column":510},"end":{"line":2,"column":1100}},"type":"if","locations":[{"start":{"line":2,"column":510},"end":{"line":2,"column":1100}},{"start":{"line":2,"column":510},"end":{"line":2,"column":1100}}],"line":2},"4":{"loc":{"start":{"line":2,"column":513},"end":{"line":2,"column":662}},"type":"binary-expr","locations":[{"start":{"line":2,"column":514},"end":{"line":2,"column":559}},{"start":{"line":2,"column":563},"end":{"line":2,"column":611}},{"start":{"line":2,"column":615},"end":{"line":2,"column":661}}],"line":2},"5":{"loc":{"start":{"line":2,"column":873},"end":{"line":2,"column":1099}},"type":"if","locations":[{"start":{"line":2,"column":873},"end":{"line":2,"column":1099}},{"start":{"line":2,"column":873},"end":{"line":2,"column":1099}}],"line":2},"6":{"loc":{"start":{"line":2,"column":1522},"end":{"line":2,"column":1767}},"type":"if","locations":[{"start":{"line":2,"column":1522},"end":{"line":2,"column":1767}},{"start":{"line":2,"column":1522},"end":{"line":2,"column":1767}}],"line":2}},"s":{"0":0,"1":0,"2":0,"3":0,"4":0,"5":0,"6":0,"7":0,"8":0,"9":0,"10":0,"11":0,"12":0,"13":0,"14":0,"15":0,"16":0,"17":0,"18":0,"19":0,"20":0,"21":0,"22":0,"23":0,"24":0,"25":0,"26":0,"27":0,"28":0,"29":0,"30":0,"31":0,"32":0,"33":0,"34":0,"35":0,"36":0,"37":0,"38":0,"39":0,"40":0,"41":0,"42":0,"43":0,"44":0,"45":0,"46":0,"47":0,"48":0,"49":0,"50":0,"51":0,"52":0,"53":0,"54":0,"55":0,"56":0,"57":0,"58":0},"f":{"0":0,"1":0,"2":0,"3":0},"b":{"0":[0,0],"1":[0,0],"2":[0,0],"3":[0,0],"4":[0,0,0],"5":[0,0],"6":[0,0]},"inputSourceMap":{"version":3,"names":["cov_1h5s4qufmn","actualCoverage","register","f","response","s","jsonData","Object","email","document","getElementById","value","password","confirmPassword","b","innerHTML","request","XMLHttpRequest","open","setRequestHeader","onload","JSON","parse","responseText","console","log","message","undefined","window","location","href","send","stringify"],"sources":["register.js"],"sourcesContent":["function register() {\n    var response = \"\";\n    var jsonData = new Object();\n    jsonData.email = document.getElementById(\"email\").value;\n    jsonData.password = document.getElementById(\"password\").value;\n    var confirmPassword = document.getElementById(\"confirmPassword\").value;\n    if (jsonData.email == \"\" || jsonData.password == \"\" || confirmPassword == \"\") {\n        document.getElementById(\"error\").innerHTML = 'All fields are required!';\n        return;\n    }\n    else if (jsonData.password != confirmPassword) {\n        document.getElementById(\"error\").innerHTML = 'Password does not match!';\n        return;\n    }\n    var request = new XMLHttpRequest();\n    request.open(\"POST\", \"/register\", true);\n    request.setRequestHeader('Content-Type', 'application/json');\n    request.onload = function () {\n        response = JSON.parse(request.responseText);\n        console.log(response)\n        if (response.message == undefined) {\n            window.location.href = 'index.html';\n        }\n        else {\n            document.getElementById(\"error\").innerHTML = 'Authentication failed!';\n        }\n    };\n    request.send(JSON.stringify(jsonData));\n}\n\n"],"mappings":"siGAeY;AAAAA,cAAA,SAAAA,CAAA,SAAAC,cAAA,WAAAA,cAAA,EAAAD,cAAA,GAfZ,QAAS,CAAAE,QAAQA,CAAA,CAAG,CAAAF,cAAA,GAAAG,CAAA,MAChB,GAAI,CAAAC,QAAQ,EAAAJ,cAAA,GAAAK,CAAA,MAAG,EAAE,EACjB,GAAI,CAAAC,QAAQ,EAAAN,cAAA,GAAAK,CAAA,MAAG,GAAI,CAAAE,MAAM,CAAC,CAAC,EAACP,cAAA,GAAAK,CAAA,MAC5BC,QAAQ,CAACE,KAAK,CAAGC,QAAQ,CAACC,cAAc,CAAC,OAAO,CAAC,CAACC,KAAK,CAACX,cAAA,GAAAK,CAAA,MACxDC,QAAQ,CAACM,QAAQ,CAAGH,QAAQ,CAACC,cAAc,CAAC,UAAU,CAAC,CAACC,KAAK,CAC7D,GAAI,CAAAE,eAAe,EAAAb,cAAA,GAAAK,CAAA,MAAGI,QAAQ,CAACC,cAAc,CAAC,iBAAiB,CAAC,CAACC,KAAK,EAACX,cAAA,GAAAK,CAAA,MACvE,GAAI,CAAAL,cAAA,GAAAc,CAAA,SAAAR,QAAQ,CAACE,KAAK,EAAI,EAAE,IAAAR,cAAA,GAAAc,CAAA,SAAIR,QAAQ,CAACM,QAAQ,EAAI,EAAE,IAAAZ,cAAA,GAAAc,CAAA,SAAID,eAAe,EAAI,EAAE,EAAE,CAAAb,cAAA,GAAAc,CAAA,SAAAd,cAAA,GAAAK,CAAA,MAC1EI,QAAQ,CAACC,cAAc,CAAC,OAAO,CAAC,CAACK,SAAS,CAAG,0BAA0B,CAACf,cAAA,GAAAK,CAAA,MACxE,OACJ,CAAC,IACI,CAAAL,cAAA,GAAAc,CAAA,SAAAd,cAAA,GAAAK,CAAA,SAAIC,QAAQ,CAACM,QAAQ,EAAIC,eAAe,CAAE,CAAAb,cAAA,GAAAc,CAAA,SAAAd,cAAA,GAAAK,CAAA,MAC3CI,QAAQ,CAACC,cAAc,CAAC,OAAO,CAAC,CAACK,SAAS,CAAG,0BAA0B,CAACf,cAAA,GAAAK,CAAA,OACxE,OACJ,CAAC,KAAAL,cAAA,GAAAc,CAAA,UAAD,CACA,GAAI,CAAAE,OAAO,EAAAhB,cAAA,GAAAK,CAAA,OAAG,GAAI,CAAAY,cAAc,CAAC,CAAC,EAACjB,cAAA,GAAAK,CAAA,OACnCW,OAAO,CAACE,IAAI,CAAC,MAAM,CAAE,WAAW,CAAE,IAAI,CAAC,CAAClB,cAAA,GAAAK,CAAA,OACxCW,OAAO,CAACG,gBAAgB,CAAC,cAAc,CAAE,kBAAkB,CAAC,CAACnB,cAAA,GAAAK,CAAA,OAC7DW,OAAO,CAACI,MAAM,CAAG,UAAY,CAAApB,cAAA,GAAAG,CAAA,MAAAH,cAAA,GAAAK,CAAA,OACzBD,QAAQ,CAAGiB,IAAI,CAACC,KAAK,CAACN,OAAO,CAACO,YAAY,CAAC,CAACvB,cAAA,GAAAK,CAAA,OAC5CmB,OAAO,CAACC,GAAG,CAACrB,QAAQ,CAAC,CAAAJ,cAAA,GAAAK,CAAA,OACrB,GAAID,QAAQ,CAACsB,OAAO,EAAIC,SAAS,CAAE,CAAA3B,cAAA,GAAAc,CAAA,SAAAd,cAAA,GAAAK,CAAA,OAC/BuB,MAAM,CAACC,QAAQ,CAACC,IAAI,CAAG,YAAY,CACvC,CAAC,IACI,CAAA9B,cAAA,GAAAc,CAAA,SAAAd,cAAA,GAAAK,CAAA,OACDI,QAAQ,CAACC,cAAc,CAAC,OAAO,CAAC,CAACK,SAAS,CAAG,wBAAwB,CACzE,CACJ,CAAC,CAACf,cAAA,GAAAK,CAAA,OACFW,OAAO,CAACe,IAAI,CAACV,IAAI,CAACW,SAAS,CAAC1B,QAAQ,CAAC,CAAC,CAC1C"},"all":true},"C:\\school y2\\sem2.2\\DevOps\\foodVentures\\foodVentures\\public\\js\\forgetPassword.js":{"path":"C:\\school y2\\sem2.2\\DevOps\\foodVentures\\foodVentures\\public\\js\\forgetPassword.js","statementMap":{"0":{"start":{"line":42,"column":16},"end":{"line":42,"column":34}},"1":{"start":{"line":43,"column":19},"end":{"line":43,"column":40}},"2":{"start":{"line":44,"column":12},"end":{"line":44,"column":21}},"3":{"start":{"line":45,"column":13},"end":{"line":45,"column":17}},"4":{"start":{"line":47,"column":0},"end":{"line":47,"column":24}},"5":{"start":{"line":49,"column":13},"end":{"line":52,"column":1}},"6":{"start":{"line":54,"column":0},"end":{"line":79,"column":3}},"7":{"start":{"line":55,"column":4},"end":{"line":78,"column":5}},"8":{"start":{"line":56,"column":28},"end":{"line":64,"column":10}},"9":{"start":{"line":66,"column":21},"end":{"line":71,"column":10}},"10":{"start":{"line":73,"column":8},"end":{"line":73,"column":53}},"11":{"start":{"line":74,"column":8},"end":{"line":74,"column":56}},"12":{"start":{"line":76,"column":8},"end":{"line":76,"column":29}},"13":{"start":{"line":77,"column":8},"end":{"line":77,"column":52}},"14":{"start":{"line":81,"column":0},"end":{"line":83,"column":3}},"15":{"start":{"line":82,"column":4},"end":{"line":82,"column":53}}},"fnMap":{"0":{"name":"(anonymous_0)","decl":{"start":{"line":54,"column":24},"end":{"line":54,"column":25}},"loc":{"start":{"line":54,"column":44},"end":{"line":79,"column":1}},"line":54},"1":{"name":"(anonymous_1)","decl":{"start":{"line":81,"column":17},"end":{"line":81,"column":18}},"loc":{"start":{"line":81,"column":23},"end":{"line":83,"column":1}},"line":81}},"branchMap":{},"s":{"0":0,"1":0,"2":0,"3":0,"4":0,"5":0,"6":0,"7":0,"8":0,"9":0,"10":0,"11":0,"12":0,"13":0,"14":0,"15":0},"f":{"0":0,"1":0},"b":{},"all":true},"C:\\school y2\\sem2.2\\DevOps\\foodVentures\\foodVentures\\public\\js\\home.js":{"path":"C:\\school y2\\sem2.2\\DevOps\\foodVentures\\foodVentures\\public\\js\\home.js","statementMap":{"0":{"start":{"line":3,"column":19},"end":{"line":3,"column":21}},"1":{"start":{"line":4,"column":18},"end":{"line":4,"column":38}},"2":{"start":{"line":5,"column":4},"end":{"line":5,"column":49}},"3":{"start":{"line":6,"column":4},"end":{"line":6,"column":65}},"4":{"start":{"line":7,"column":4},"end":{"line":27,"column":6}},"5":{"start":{"line":8,"column":8},"end":{"line":8,"column":52}},"6":{"start":{"line":9,"column":19},"end":{"line":9,"column":21}},"7":{"start":{"line":10,"column":8},"end":{"line":24,"column":9}},"8":{"start":{"line":10,"column":21},"end":{"line":10,"column":22}},"9":{"start":{"line":11,"column":12},"end":{"line":23,"column":23}},"10":{"start":{"line":25,"column":8},"end":{"line":25,"column":65}},"11":{"start":{"line":28,"column":4},"end":{"line":28,"column":19}},"12":{"start":{"line":31,"column":19},"end":{"line":31,"column":21}},"13":{"start":{"line":32,"column":19},"end":{"line":32,"column":31}},"14":{"start":{"line":33,"column":4},"end":{"line":33,"column":58}},"15":{"start":{"line":34,"column":4},"end":{"line":34,"column":66}},"16":{"start":{"line":35,"column":4},"end":{"line":35,"column":72}},"17":{"start":{"line":36,"column":4},"end":{"line":36,"column":62}},"18":{"start":{"line":38,"column":4},"end":{"line":38,"column":53}},"19":{"start":{"line":39,"column":4},"end":{"line":43,"column":5}},"20":{"start":{"line":40,"column":8},"end":{"line":40,"column":82}},"21":{"start":{"line":41,"column":8},"end":{"line":41,"column":80}},"22":{"start":{"line":42,"column":8},"end":{"line":42,"column":15}},"23":{"start":{"line":44,"column":18},"end":{"line":44,"column":38}},"24":{"start":{"line":45,"column":4},"end":{"line":45,"column":48}},"25":{"start":{"line":46,"column":4},"end":{"line":46,"column":65}},"26":{"start":{"line":47,"column":4},"end":{"line":66,"column":6}},"27":{"start":{"line":48,"column":8},"end":{"line":48,"column":52}},"28":{"start":{"line":49,"column":8},"end":{"line":49,"column":29}},"29":{"start":{"line":50,"column":8},"end":{"line":65,"column":9}},"30":{"start":{"line":51,"column":12},"end":{"line":51,"column":48}},"31":{"start":{"line":52,"column":12},"end":{"line":53,"column":36}},"32":{"start":{"line":54,"column":12},"end":{"line":54,"column":85}},"33":{"start":{"line":55,"column":12},"end":{"line":55,"column":55}},"34":{"start":{"line":56,"column":12},"end":{"line":56,"column":59}},"35":{"start":{"line":57,"column":12},"end":{"line":57,"column":62}},"36":{"start":{"line":58,"column":12},"end":{"line":58,"column":57}},"37":{"start":{"line":60,"column":12},"end":{"line":60,"column":47}},"38":{"start":{"line":63,"column":12},"end":{"line":63,"column":85}},"39":{"start":{"line":63,"column":86},"end":{"line":63,"column":159}},"40":{"start":{"line":64,"column":12},"end":{"line":64,"column":84}},"41":{"start":{"line":67,"column":4},"end":{"line":67,"column":43}},"42":{"start":{"line":73,"column":27},"end":{"line":73,"column":43}},"43":{"start":{"line":74,"column":0},"end":{"line":74,"column":29}},"44":{"start":{"line":75,"column":4},"end":{"line":75,"column":70}},"45":{"start":{"line":76,"column":4},"end":{"line":76,"column":78}},"46":{"start":{"line":77,"column":4},"end":{"line":77,"column":84}},"47":{"start":{"line":78,"column":4},"end":{"line":78,"column":74}},"48":{"start":{"line":81,"column":4},"end":{"line":81,"column":117}},"49":{"start":{"line":83,"column":4},"end":{"line":83,"column":42}},"50":{"start":{"line":87,"column":4},"end":{"line":87,"column":17}},"51":{"start":{"line":88,"column":19},"end":{"line":88,"column":21}},"52":{"start":{"line":90,"column":19},"end":{"line":90,"column":31}},"53":{"start":{"line":91,"column":4},"end":{"line":91,"column":62}},"54":{"start":{"line":92,"column":4},"end":{"line":92,"column":70}},"55":{"start":{"line":93,"column":4},"end":{"line":93,"column":76}},"56":{"start":{"line":94,"column":4},"end":{"line":94,"column":66}},"57":{"start":{"line":95,"column":0},"end":{"line":95,"column":21}},"58":{"start":{"line":97,"column":4},"end":{"line":101,"column":5}},"59":{"start":{"line":98,"column":8},"end":{"line":98,"column":86}},"60":{"start":{"line":99,"column":8},"end":{"line":99,"column":84}},"61":{"start":{"line":100,"column":8},"end":{"line":100,"column":15}},"62":{"start":{"line":103,"column":18},"end":{"line":103,"column":38}},"63":{"start":{"line":105,"column":4},"end":{"line":105,"column":54}},"64":{"start":{"line":106,"column":4},"end":{"line":106,"column":65}},"65":{"start":{"line":108,"column":4},"end":{"line":120,"column":6}},"66":{"start":{"line":109,"column":8},"end":{"line":109,"column":52}},"67":{"start":{"line":111,"column":8},"end":{"line":119,"column":9}},"68":{"start":{"line":112,"column":12},"end":{"line":112,"column":105}},"69":{"start":{"line":113,"column":12},"end":{"line":113,"column":89}},"70":{"start":{"line":114,"column":12},"end":{"line":114,"column":47}},"71":{"start":{"line":117,"column":12},"end":{"line":117,"column":90}},"72":{"start":{"line":118,"column":12},"end":{"line":118,"column":88}},"73":{"start":{"line":122,"column":4},"end":{"line":122,"column":43}},"74":{"start":{"line":126,"column":19},"end":{"line":126,"column":21}},"75":{"start":{"line":127,"column":18},"end":{"line":127,"column":38}},"76":{"start":{"line":128,"column":4},"end":{"line":128,"column":67}},"77":{"start":{"line":129,"column":4},"end":{"line":129,"column":65}},"78":{"start":{"line":130,"column":4},"end":{"line":139,"column":6}},"79":{"start":{"line":131,"column":8},"end":{"line":131,"column":52}},"80":{"start":{"line":132,"column":8},"end":{"line":138,"column":9}},"81":{"start":{"line":133,"column":12},"end":{"line":133,"column":47}},"82":{"start":{"line":134,"column":12},"end":{"line":134,"column":48}},"83":{"start":{"line":137,"column":12},"end":{"line":137,"column":48}},"84":{"start":{"line":140,"column":4},"end":{"line":140,"column":19}}},"fnMap":{"0":{"name":"viewResources","decl":{"start":{"line":2,"column":9},"end":{"line":2,"column":22}},"loc":{"start":{"line":2,"column":25},"end":{"line":29,"column":1}},"line":2},"1":{"name":"(anonymous_1)","decl":{"start":{"line":7,"column":21},"end":{"line":7,"column":22}},"loc":{"start":{"line":7,"column":33},"end":{"line":27,"column":5}},"line":7},"2":{"name":"addResource","decl":{"start":{"line":30,"column":9},"end":{"line":30,"column":20}},"loc":{"start":{"line":30,"column":23},"end":{"line":70,"column":1}},"line":30},"3":{"name":"(anonymous_3)","decl":{"start":{"line":47,"column":21},"end":{"line":47,"column":22}},"loc":{"start":{"line":47,"column":33},"end
[...]
rt":{"line":111,"column":8},"end":{"line":119,"column":9}},{"start":{"line":111,"column":8},"end":{"line":119,"column":9}}],"line":111},"6":{"loc":{"start":{"line":132,"column":8},"end":{"line":138,"column":9}},"type":"if","locations":[{"start":{"line":132,"column":8},"end":{"line":138,"column":9}},{"start":{"line":132,"column":8},"end":{"line":138,"column":9}}],"line":132}},"s":{"0":0,"1":0,"2":0,"3":0,"4":0,"5":0,"6":0,"7":0,"8":0,"9":0,"10":0,"11":0,"12":0,"13":0,"14":0,"15":0,"16":0,"17":0,"18":0,"19":0,"20":0,"21":0,"22":0,"23":0,"24":0,"25":0,"26":0,"27":0,"28":0,"29":0,"30":0,"31":0,"32":0,"33":0,"34":0,"35":0,"36":0,"37":0,"38":0,"39":0,"40":0,"41":0,"42":0,"43":0,"44":0,"45":0,"46":0,"47":0,"48":0,"49":0,"50":0,"51":0,"52":0,"53":0,"54":0,"55":0,"56":0,"57":0,"58":0,"59":0,"60":0,"61":0,"62":0,"63":0,"64":0,"65":0,"66":0,"67":0,"68":0,"69":0,"70":0,"71":0,"72":0,"73":0,"74":0,"75":0,"76":0,"77":0,"78":0,"79":0,"80":0,"81":0,"82":0,"83":0,"84":0},"f":{"0":0,"1":0,"2":0,"3":0,"4":0,"5":0,"6":0,"7":0,"8":0},"b":{"0":[0,0],"1":[0,0,0,0],"2":[0,0],"3":[0,0],"4":[0,0,0],"5":[0,0],"6":[0,0]},"all":true},"C:\\school y2\\sem2.2\\DevOps\\foodVentures\\foodVentures\\public\\js\\login.js":{"path":"C:\\school y2\\sem2.2\\DevOps\\foodVentures\\foodVentures\\public\\js\\login.js","statementMap":{"0":{"start":{"line":2,"column":19},"end":{"line":2,"column":21}},"1":{"start":{"line":3,"column":19},"end":{"line":3,"column":31}},"2":{"start":{"line":4,"column":4},"end":{"line":4,"column":60}},"3":{"start":{"line":5,"column":4},"end":{"line":5,"column":66}},"4":{"start":{"line":6,"column":4},"end":{"line":9,"column":5}},"5":{"start":{"line":7,"column":8},"end":{"line":7,"column":80}},"6":{"start":{"line":8,"column":8},"end":{"line":8,"column":15}},"7":{"start":{"line":10,"column":18},"end":{"line":10,"column":38}},"8":{"start":{"line":11,"column":4},"end":{"line":11,"column":41}},"9":{"start":{"line":12,"column":4},"end":{"line":12,"column":65}},"10":{"start":{"line":13,"column":4},"end":{"line":23,"column":6}},"11":{"start":{"line":14,"column":8},"end":{"line":14,"column":52}},"12":{"start":{"line":15,"column":8},"end":{"line":15,"column":29}},"13":{"start":{"line":16,"column":8},"end":{"line":22,"column":9}},"14":{"start":{"line":17,"column":12},"end":{"line":17,"column":60}},"15":{"start":{"line":18,"column":12},"end":{"line":18,"column":47}},"16":{"start":{"line":21,"column":12},"end":{"line":21,"column":80}},"17":{"start":{"line":24,"column":4},"end":{"line":24,"column":43}}},"fnMap":{"0":{"name":"login","decl":{"start":{"line":1,"column":9},"end":{"line":1,"column":14}},"loc":{"start":{"line":1,"column":17},"end":{"line":25,"column":1}},"line":1},"1":{"name":"(anonymous_1)","decl":{"start":{"line":13,"column":21},"end":{"line":13,"column":22}},"loc":{"start":{"line":13,"column":33},"end":{"line":23,"column":5}},"line":13}},"branchMap":{"0":{"loc":{"start":{"line":6,"column":4},"end":{"line":9,"column":5}},"type":"if","locations":[{"start":{"line":6,"column":4},"end":{"line":9,"column":5}},{"start":{"line":6,"column":4},"end":{"line":9,"column":5}}],"line":6},"1":{"loc":{"start":{"line":6,"column":8},"end":{"line":6,"column":55}},"type":"binary-expr","locations":[{"start":{"line":6,"column":8},"end":{"line":6,"column":28}},{"start":{"line":6,"column":32},"end":{"line":6,"column":55}}],"line":6},"2":{"loc":{"start":{"line":16,"column":8},"end":{"line":22,"column":9}},"type":"if","locations":[{"start":{"line":16,"column":8},"end":{"line":22,"column":9}},{"start":{"line":16,"column":8},"end":{"line":22,"column":9}}],"line":16}},"s":{"0":0,"1":0,"2":0,"3":0,"4":0,"5":0,"6":0,"7":0,"8":0,"9":0,"10":0,"11":0,"12":0,"13":0,"14":0,"15":0,"16":0,"17":0},"f":{"0":0,"1":0},"b":{"0":[0,0],"1":[0,0],"2":[0,0]},"all":true},"C:\\school y2\\sem2.2\\DevOps\\foodVentures\\foodVentures\\public\\js\\logout.js":{"path":"C:\\school y2\\sem2.2\\DevOps\\foodVentures\\foodVentures\\public\\js\\logout.js","statementMap":{"0":{"start":{"line":2,"column":4},"end":{"line":2,"column":39}},"1":{"start":{"line":6,"column":4},"end":{"line":6,"column":40}}},"fnMap":{"0":{"name":"logout","decl":{"start":{"line":1,"column":9},"end":{"line":1,"column":15}},"loc":{"start":{"line":1,"column":18},"end":{"line":7,"column":1}},"line":1}},"branchMap":{},"s":{"0":0,"1":0},"f":{"0":0},"b":{},"all":true},"C:\\school y2\\sem2.2\\DevOps\\foodVentures\\foodVentures\\public\\js\\register.js":{"path":"C:\\school y2\\sem2.2\\DevOps\\foodVentures\\foodVentures\\public\\js\\register.js","statementMap":{"0":{"start":{"line":2,"column":19},"end":{"line":2,"column":21}},"1":{"start":{"line":3,"column":19},"end":{"line":3,"column":31}},"2":{"start":{"line":4,"column":4},"end":{"line":4,"column":60}},"3":{"start":{"line":5,"column":4},"end":{"line":5,"column":66}},"4":{"start":{"line":6,"column":26},"end":{"line":6,"column":74}},"5":{"start":{"line":7,"column":4},"end":{"line":14,"column":5}},"6":{"start":{"line":8,"column":8},"end":{"line":8,"column":80}},"7":{"start":{"line":9,"column":8},"end":{"line":9,"column":15}},"8":{"start":{"line":11,"column":9},"end":{"line":14,"column":5}},"9":{"start":{"line":12,"column":8},"end":{"line":12,"column":80}},"10":{"start":{"line":13,"column":8},"end":{"line":13,"column":15}},"11":{"start":{"line":15,"column":18},"end":{"line":15,"column":38}},"12":{"start":{"line":16,"column":4},"end":{"line":16,"column":44}},"13":{"start":{"line":17,"column":4},"end":{"line":17,"column":65}},"14":{"start":{"line":18,"column":4},"end":{"line":27,"column":6}},"15":{"start":{"line":19,"column":8},"end":{"line":19,"column":52}},"16":{"start":{"line":20,"column":8},"end":{"line":20,"column":29}},"17":{"start":{"line":21,"column":8},"end":{"line":26,"column":9}},"18":{"start":{"line":22,"column":12},"end":{"line":22,"column":48}},"19":{"start":{"line":25,"column":12},"end":{"line":25,"column":82}},"20":{"start":{"line":28,"column":4},"end":{"line":28,"column":43}}},"fnMap":{"0":{"name":"register","decl":{"start":{"line":1,"column":9},"end":{"line":1,"column":17}},"loc":{"start":{"line":1,"column":20},"end":{"line":29,"column":1}},"line":1},"1":{"name":"(anonymous_1)","decl":{"start":{"line":18,"column":21},"end":{"line":18,"column":22}},"loc":{"start":{"line":18,"column":33},"end":{"line":27,"column":5}},"line":18}},"branchMap":{"0":{"loc":{"start":{"line":7,"column":4},"end":{"line":14,"column":5}},"type":"if","locations":[{"start":{"line":7,"column":4},"end":{"line":14,"column":5}},{"start":{"line":7,"column":4},"end":{"line":14,"column":5}}],"line":7},"1":{"loc":{"start":{"line":7,"column":8},"end":{"line":7,"column":80}},"type":"binary-expr","locations":[{"start":{"line":7,"column":8},"end":{"line":7,"column":28}},{"start":{"line":7,"column":32},"end":{"line":7,"column":55}},{"start":{"line":7,"column":59},"end":{"line":7,"column":80}}],"line":7},"2":{"loc":{"start":{"line":11,"column":9},"end":{"line":14,"column":5}},"type":"if","locations":[{"start":{"line":11,"column":9},"end":{"line":14,"column":5}},{"start":{"line":11,"column":9},"end":{"line":14,"column":5}}],"line":11},"3":{"loc":{"start":{"line":21,"column":8},"end":{"line":26,"column":9}},"type":"if","locations":[{"start":{"line":21,"column":8},"end":{"line":26,"column":9}},{"start":{"line":21,"column":8},"end":{"line":26,"column":9}}],"line":21}},"s":{"0":0,"1":0,"2":0,"3":0,"4":0,"5":0,"6":0,"7":0,"8":0,"9":0,"10":0,"11":0,"12":0,"13":0,"14":0,"15":0,"16":0,"17":0,"18":0,"19":0,"20":0},"f":{"0":0,"1":0},"b":{"0":[0,0],"1":[0,0,0],"2":[0,0],"3":[0,0]},"all":true},"C:\\school y2\\sem2.2\\DevOps\\foodVentures\\foodVentures\\utils\\ResourceUtil.js":{"path":"C:\\school y2\\sem2.2\\DevOps\\foodVentures\\foodVentures\\utils\\ResourceUtil.js","statementMap":{"0":{"start":{"line":1,"column":32},"end":{"line":1,"column":53}},"1":{"start":{"line":2,"column":21},"end":{"line":2,"column":50}},"2":{"start":{"line":3,"column":11},"end":{"line":3,"column":33}},"3":{"start":{"line":6,"column":4},"end":{"line":29,"column":5}},"4":{"start":{"line":7,"column":21},"end":{"line":7,"column":34}},"5":{"start":{"line":8,"column":25},"end":{"line":8,"column":42}},"6":{"start":{"line":9,"column":28},"end":{"line":9,"column":48}},"7":{"start":{"line":10,"column":23},"end":{"line":10,"column":38}},"8":{"start":{"line":11,"column":22},"end":{"line":11,"column":36}},"9":{"start":{"line":14,"column":8},"end":{"line":16,"column":9}},"10":{"start":{"line":15,"column":12},"end":{"line":15,"column":96}},"11":{"start":{"line":19,"column":28},"end":{"line":19,"column":84}},"12":{"start":{"line":22,"column":33},"end":{"line":22,"column":85}},"13":{"start":{"line":25,"column":8},"end":{"line":25,"column":54}},"14":{"start":{"line":28,"column":8},"end":{"line":28,"column":64}},"15":{"start":{"line":33,"column":4},"end":{"line":38,"column":5}},"16":{"start":{"line":34,"column":29},"end":{"line":34,"column":67}},"17":{"start":{"line":35,"column":8},"end":{"line":35,"column":50}},"18":{"start":{"line":37,"column":8},"end":{"line":37,"column":64}},"19":{"start":{"line":41,"column":4},"end":{"line":68,"column":5}},"20":{"start":{"line":42,"column":19},"end":{"line":42,"column":32}},"21":{"start":{"line":43,"column":21},"end":{"line":43,"column":34}},"22":{"start":{"line":44,"column":25},"end":{"line":44,"column":42}},"23":{"start":{"line":45,"column":28},"end":{"line":45,"column":48}},"24":{"start":{"line":46,"column":23},"end":{"line":46,"column":38}},"25":{"start":{"line":47,"column":29},"end":{"line":47,"column":67}},"26":{"start":{"line":48,"column":23},"end":{"line":48,"column":28}},"27":{"start":{"line":49,"column":8},"end":{"line":59,"column":9}},"28":{"start":{"line":49,"column":21},"end":{"line":49,"column":22}},"29":{"start":{"line":50,"column":34},"end":{"line":50,"column":49}},"30":{"start":{"line":51,"column":12},"end":{"line":58,"column":13}},"31":{"start":{"line":52,"column":16},"end":{"line":52,"column":44}},"32":{"start":{"line":53,"column":16},"end":{"line":53,"column":52}},"33":{"start":{"line":54,"column":16},"end":{"line":54,"column":58}},"34":{"start":{"line":55,"column":16},"end":{"line":55,"column":48}},"35":{"start":{"line":57,"column":16},"end":{"line":57,"column":32}},"36":{"start":{"line":60,"column":8},"end":{"line":65,"column":9}},"37":{"start":{"line":61,"column":12},"end":{"line":61,"column":93}},"38":{"start":{"line":62,"column":12},"end":{"line":62,"column":88}},"39":{"start":{"line":64,"column":12},"end":{"line":64,"column":90}},"40":{"start":{"line":67,"column":8},"end":{"line":67,"column":64}},"41":{"start":{"line":71,"column":4},"end":{"line":89,"column":5}},"42":{"start":{"line":72,"column":19},"end":{"line":72,"column":32}},"43":{"start":{"line":73,"column":29},"end":{"line":73,"column":67}},"44":{"start":{"line":74,"column":20},"end":{"line":74,"column":22}},"45":{"start":{"line":75,"column":8},"end":{"line":79,"column":9}},"46":{"start":{"line":75,"column":21},"end":{"line":75,"column":22}},"47":{"start":{"line":76,"column":34},"end":{"line":76,"column":49}},"48":{"start":{"line":77,"column":12},"end":{"line":78,"column":26}},"49":{"start":{"line":78,"column":16},"end":{"line":78,"column":26}},"50":{"start":{"line":80,"column":8},"end":{"line":86,"column":9}},"51":{"start":{"line":81,"column":12},"end":{"line":81,"column":42}},"52":{"start":{"line":82,"column":12},"end":{"line":82,"column":93}},"53":{"start":{"line":83,"column":12},"end":{"line":83,"column":87}},"54":{"start":{"line":85,"column":12},"end":{"line":85,"column":90}},"55":{"start":{"line":88,"column":8},"end":{"line":88,"column":64}},"56":{"start":{"line":93,"column":16},"end":{"line":101,"column":10}},"57":{"start":{"line":104,"column":26},"end":{"line":104,"column":34}},"58":{"start":{"line":107,"column":4},"end":{"line":107,"column":28}},"59":{"start":{"line":110,"column":0},"end":{"line":112,"column":1}}},"fnMap":{"0":{"name":"addResource","decl":{"start":{"line":5,"column":15},"end":{"line":5,"column":26}},"loc":{"start":{"line":5,"column":37},"end":{"line":30,"column":1}},"line":5},"1":{"name":"viewResources","decl":{"start":{"line":32,"column":15},"end":{"line":32,"column":28}},"loc":{"start":{"line":32,"column":39},"end":{"line":39,"column":1}},"line":32},"2":{"name":"editResource","decl":{"start":{"line":40,"column":15},"end":{"line":40,"column":27}},"loc":{"start":{"line":40,"column":38},"end":{"line":69,"column":1}},"line":40},"3":{"name":"deleteResource","decl":{"start":{"line":70,"column":15},"end":{"line":70,"column":29}},"loc":{"start":{"line":70,"column":40},"end":{"line":90,"column":1}},"line":70},"4":{"name":"addResourceAndGetId","decl":{"start":{"line":92,"column":15},"end":{"line":92,"column":34}},"loc":{"start":{"line":92,"column":37},"end":{"line":108,"column":1}},"line":92}},"branchMap":{"0":{"loc":{"start":{"line":14,"column":8},"end":{"line":16,"column":9}},"type":"if","locations":[{"start":{"line":14,"column":8},"end":{"line":16,"column":9}},{"start":{"line":14,"column":8},"end":{"line":16,"column":9}}],"line":14},"1":{"loc":{"start":{"line":14,"column":12},"end":{"line":14,"column":67}},"type":"binary-expr","locations":[{"start":{"line":14,"column":12},"end":{"line":14,"column":17}},{"start":{"line":14,"column":21},"end":{"line":14,"column":30}},{"start":{"line":14,"column":34},"end":{"line":14,"column":46}},{"start":{"line":14,"column":50},"end":{"line":14,"column":57}},{"start":{"line":14,"column":61},"end":{"line":14,"column":67}}],"line":14},"2":{"loc":{"start":{"line":51,"column":12},"end":{"line":58,"column":13}},"type":"if","locations":[{"start":{"line":51,"column":12},"end":{"line":58,"column":13}},{"start":{"line":51,"column":12},"end":{"line":58,"column":13}}],"line":51},"3":{"loc":{"start":{"line":60,"column":8},"end":{"line":65,"column":9}},"type":"if","locations":[{"start":{"line":60,"column":8},"end":{"line":65,"column":9}},{"start":{"line":60,"column":8},"end":{"line":65,"column":9}}],"line":60},"4":{"loc":{"start":{"line":77,"column":12},"end":{"line":78,"column":26}},"type":"if","locations":[{"start":{"line":77,"column":12},"end":{"line":78,"column":26}},{"start":{"line":77,"column":12},"end":{"line":78,"column":26}}],"line":77},"5":{"loc":{"start":{"line":80,"column":8},"end":{"line":86,"column":9}},"type":"if","locations":[{"start":{"line":80,"column":8},"end":{"line":86,"column":9}},{"start":{"line":80,"column":8},"end":{"line":86,"column":9}}],"line":80}},"s":{"0":0,"1":0,"2":0,"3":0,"4":0,"5":0,"6":0,"7":0,"8":0,"9":0,"10":0,"11":0,"12":0,"13":0,"14":0,"15":0,"16":0,"17":0,"18":0,"19":0,"20":0,"21":0,"22":0,"23":0,"24":0,"25":0,"26":0,"27":0,"28":0,"29":0,"30":0,"31":0,"32":0,"33":0,"34":0,"35":0,"36":0,"37":0,"38":0,"39":0,"40":0,"41":0,"42":0,"43":0,"44":0,"45":0,"46":0,"47":0,"48":0,"49":0,"50":0,"51":0,"52":0,"53":0,"54":0,"55":0,"56":0,"57":0,"58":0,"59":0},"f":{"0":0,"1":0,"2":0,"3":0,"4":0},"b":{"0":[0,0],"1":[0,0,0,0,0],"2":[0,0],"3":[0,0],"4":[0,0],"5":[0,0]},"all":true},"C:\\school y2\\sem2.2\\DevOps\\foodVentures\\foodVentures\\utils\\UserUtil.js":{"path":"C:\\school y2\\sem2.2\\DevOps\\foodVentures\\foodVentures\\utils\\UserUtil.js","statementMap":{"0":{"start":{"line":1,"column":17},"end":{"line":1,"column":42}},"1":{"start":{"line":2,"column":11},"end":{"line":2,"column":33}},"2":{"start":{"line":4,"column":4},"end":{"line":7,"column":52}},"3":{"start":{"line":5,"column":21},"end":{"line":5,"column":56}},"4":{"start":{"line":6,"column":8},"end":{"line":6,"column":32}},"5":{"start":{"line":7,"column":20},"end":{"line":7,"column":39}},"6":{"start":{"line":7,"column":40},"end":{"line":7,"column":50}},"7":{"start":{"line":10,"column":4},"end":{"line":15,"column":52}},"8":{"start":{"line":11,"column":27},"end":{"line":11,"column":51}},"9":{"start":{"line":12,"column":8},"end":{"line":12,"column":32}},"10":{"start":{"line":13,"column":8},"end":{"line":13,"column":73}},"11":{"start":{"line":14,"column":8},"end":{"line":14,"column":26}},"12":{"start":{"line":15,"column":20},"end":{"line":15,"column":39}},"13":{"start":{"line":15,"column":40},"end":{"line":15,"column":50}},"14":{"start":{"line":18,"column":4},"end":{"line":30,"column":5}},"15":{"start":{"line":19,"column":22},"end":{"line":19,"column":36}},"16":{"start":{"line":20,"column":25},"end":{"line":20,"column":42}},"17":{"start":{"line":21,"column":8},"end":{"line":27,"column":9}},"18":{"start":{"line":22,"column":12},"end":{"line":22,"column":73}},"19":{"start":{"line":24,"column":28},"end":{"line":24,"column":53}},"20":{"start":{"line":25,"column":33},"end":{"line":25,"column":77}},"21":{"start":{"line":26,"column":12},"end":{"line":26,"column":54}},"22":{"start":{"line":29,"column":8},"end":{"line":29,"column":64}},"23":{"start":{"line":34,"column":4},"end":{"line":51,"column":5}},"24":{"start":{"line":35,"column":22},"end":{"line":35,"column":36}},"25":{"start":{"line":36,"column":25},"end":{"line":36,"column":42}},"26":{"start":{"line":37,"column":25},"end":{"line":37,"column":59}},"27":{"start":{"line":38,"column":31},"end":{"line":38,"column":36}},"28":{"start":{"line":39,"column":8},"end":{"line":43,"column":9}},"29":{"start":{"line":39,"column":21},"end":{"line":39,"column":22}},"30":{"start":{"line":40,"column":27},"end":{"line":40,"column":38}},"31":{"start":{"line":41,"column":12},"end":{"line":42,"column":40}},"32":{"start":{"line":42,"column":16},"end":{"line":42,"column":40}},"33":{"start":{"line":44,"column":8},"end":{"line":48,"column":9}},"34":{"start":{"line":45,"column":12},"end":{"line":45,"column":74}},"35":{"start":{"line":47,"column":12},"end":{"line":47,"column":77}},"36":{"start":{"line":50,"column":8},"end":{"line":50,"column":64}},"37":{"start":{"line":53,"column":0},"end":{"line":55,"column":2}}},"fnMap":{"0":{"name":"readJSON","decl":{"start":{"line":3,"column":15},"end":{"line":3,"column":23}},"loc":{"start":{"line":3,"column":34},"end":{"line":8,"column":1}},"line":3},"1":{"name":"writeJSON","decl":{"start":{"line":9,"column":15},"end":{"line":9,"column":24}},"loc":{"start":{"line":9,"column":43},"end":{"line":16,"column":1}},"line":9},"2":{"name":"register","decl":{"start":{"line":17,"column":15},"end":{"line":17,"column":23}},"loc":{"start":{"line":17,"column":34},"end":{"line":31,"column":1}},"line":17},"3":{"name":"login","decl":{"start":{"line":33,"column":15},"end":{"line":33,"column":20}},"loc":{"start":{"line":33,"column":31},"end":{"line":52,"column":1}},"line":33}},"branchMap":{"0":{"loc":{"start":{"line":21,"column":8},"end":{"line":27,"column":9}},"type":"if","locations":[{"start":{"line":21,"column":8},"end":{"line":27,"column":9}},{"start":{"line":21,"column":8},"end":{"line":27,"column":9}}],"line":21},"1":{"loc":{"start":{"line":21,"column":12},"end":{"line":21,"column":79}},"type":"binary-expr","locations":[{"start":{"line":21,"column":12},"end":{"line":21,"column":32}},{"start":{"line":21,"column":36},"end":{"line":21,"column":56}},{"start":{"line":21,"column":60},"end":{"line":21,"column":79}}],"line":21},"2":{"loc":{"start":{"line":41,"column":12},"end":{"line":42,"column":40}},"type":"if","locations":[{"start":{"line":41,"column":12},"end":{"line":42,"column":40}},{"start":{"line":41,"column":12},"end":{"line":42,"column":40}}],"line":41},"3":{"loc":{"start":{"line":41,"column":16},"end":{"line":41,"column":72}},"type":"binary-expr","locations":[{"start":{"line":41,"column":16},"end":{"line":41,"column":39}},{"start":{"line":41,"column":43},"end":{"line":41,"column":72}}],"line":41},"4":{"loc":{"start":{"line":44,"column":8},"end":{"line":48,"column":9}},"type":"if","locations":[{"start":{"line":44,"column":8},"end":{"line":48,"column":9}},{"start":{"line":44,"column":8},"end":{"line":48,"column":9}}],"line":44}},"s":{"0":0,"1":0,"2":0,"3":0,"4":0,"5":0,"6":0,"7":0,"8":0,"9":0,"10":0,"11":0,"12":0,"13":0,"14":0,"15":0,"16":0,"17":0,"18":0,"19":0,"20":0,"21":0,"22":0,"23":0,"24":0,"25":0,"26":0,"27":0,"28":0,"29":0,"30":0,"31":0,"32":0,"33":0,"34":0,"35":0,"36":0,"37":0},"f":{"0":0,"1":0,"2":0,"3":0},"b":{"0":[0,0],"1":[0,0,0],"2":[0,0],"3":[0,0],"4":[0,0]},"all":true}}